1.0294233454100497 -0.06659470613581958 0.008000428474254898
1.1163492841621043 -0.21450462106732543 0.106644264355786
1.1313527378797401 -0.2092070246872174 0.1221446306625137
1.1504446237923156 -0.22823020084728635 0.15675604767109153
1.2219233859285328 -0.25697120119195355 0.3091786140286852
1.3811306983289753 -0.26176966218612996 0.8921195471733281
1.4393127255449853 -0.188464139993484 1.1838905609994206
1.5824713459810547 -0.0730738594724993 2.268004242444768
1.534901243575388 -0.056672712488241475 1.8417357987110963
1.3477050224033564 -0.14199343915906118 0.6865222384737178
1.0852347717950026 0.09305347619888868 0.040248505446694186
0.8203124260412396 0.041242761601705015 0.10868721353317769
0.5856898449668664 0.032063051315746445 0.4326342111526094
0.157170176727464 -0.009676463192944434 0.9512989167848689
-0.28108235445432184 0.02803675272606486 0.8490136314031187
-0.7605616212600999 -0.16134260331928463 0.20373248284812268
-1.1522695737655664 -0.18493332796981216 0.14160412325575222
-1.463667662230336 -0.1687192893133946 1.3333680930798022
-1.8768226081019415 -0.2109051546008961 6.407301086614253
-2.1603196245312515 -0.2859517960422749 13.528517204934342
-2.583401985757633 -0.23175890147871475 32.24760031512993
-2.9605918202143005 -0.1083947507630699 60.30858840232845
-3.2789888304352828 -0.09594834610453438 95.10618033738788
-3.6399283069364916 -0.034095478781907364 150.0410763027306
-4.13880580624739 -0.05878884045375575 260.17111377878564
-4.501039218324341 -0.0345577052802776 370.92391246156126
-4.836601220276614 0.04017973487254914 501.4351366416684
-5.043070504083702 -0.11488121042066546 596.9631911801775
-5.1933678277307385 -0.1539631787944001 674.5201501340335
-5.3596823302283605 -0.2405117432795033 768.799717385267
-5.411483785795592 -0.3183731644533756 800.0948853183314
-5.423596512485508 -0.22419220790732786 807.4851698772128
-5.566656592983445 -0.08757029480536951 899.2677581457216
-5.6255438699792375 -0.06731196208439957 939.2274384695006
-5.703458126940382 0.11252932712832502 994.1179094085046
-5.7594178143748245 0.05688560928361051 1034.969628456014
-5.958738413000656 -0.1314196924080963 1190.7201939600523
-6.009660723904706 -0.24538132168489105 1233.1952142523296
-6.127596409652782 -0.21447441823222607 1335.761206067157
-6.190223049875642 -0.04184243815433061 1392.6991675203049
-6.215794717208601 -0.01744998269189753 1416.4766262774635
-6.246288021472417 0.02235666926262258 1445.2254270696017
-6.292738204318544 0.013686538764226722 1489.8485665565086
-6.327248774930814 0.16372547901565276 1523.6859779478395
-6.330298323729131 0.13477666328341234 1526.6922423338337
-6.359371472854853 0.20180458307163768 1555.680971854952
-6.350912776183261 0.20316307339868062 1547.2121545012844
-6.18804956765351 0.15667143736924335 1390.714636521435
-5.861990272133733 0.15826152565276988 1113.110141598512
-5.66985949047625 0.1633390218450774 970.1813906708621
-5.431278072456308 0.17146371025692725 812.2099468083252
-5.219023738441567 0.2395310827887202 688.5009752493054
-4.966225880756309 0.1363327124507927 559.9750624432653
-4.544968849745758 0.11775361186592459 386.40136588034323
-4.022456615212076 0.16542335377102804 230.46453814824798
-3.4629341953066692 0.13599131821659183 120.84065033683447
-2.9642756968584782 0.1409916130815085 60.656163798199636
-2.345187493124238 0.16844706379502655 20.277513823601883
-1.8723147671315692 0.1843875662653077 6.311842653064523
-1.3467614560109742 0.045103660525963984 0.6642501255307285
-0.9904779883365307 -0.054365768446369485 0.003314866430146799
-0.7099723820039623 0.031442313013996255 0.24694432579955547
-0.26738678236733004 0.13007262176867568 0.879039138050853
0.10975940509635551 0.0271697745862646 0.9767890759059821
0.35574498294954526 0.03180377695763833 0.7639185341128264
0.5580190516254799 -0.06858202647671074 0.47889375177813703
0.7400622495041398 -0.026455969712904398 0.20528232475587352
0.7815634428668525 0.029358110456963644 0.15230630275299312
0.8849426265187817 -0.037922911183256365 0.04847358416526357
1.2288034797808272 -0.007626165520660328 0.2601153119251262
1.5318574345683045 -0.12788494223742272 1.8296516452298917
1.7119242477530823 -0.19820161152059523 3.7668270195011915
1.8070479593123852 -0.2696052510730116 5.204825312231853
1.9330006760004141 -0.08274243348272423 7.4952326606060105
2.0116398223634686 -0.2165505458286578 9.329243190414545
2.097057936370722 -0.2717718424043138 11.617898969250785
2.447631394418134 -0.16517288723231455 24.936359332228033
2.7851890091541147 -0.025164316355406252 45.661436735057606
3.019851605563029 -0.0006047824016303903 65.92634101871083
3.2832185989252514 -0.026186812265210427 95.63978261987128
3.5639582796067737 -0.11203307565534962 136.94464232446788
3.8857480789106718 -0.28575036236011125 198.86452953855243
4.401108181997018 -0.2548915628606912 337.51280342672715
4.903120147724721 -0.02029228173209713 530.8690695152317
5.3562090544993834 -0.04833809505074266 766.6816972392207
5.8322930349049855 0.18426112129242275 1090.0665718044716
6.311218152311238 0.2738121475154343 1507.958390066915
6.806141948521011 0.26244979383583394 2054.2947163970553
7.2224649339395715 0.22235499095280764 2617.8043092934613
7.663731290099017 0.32912916087219546 3333.1818992567223
8.0085499260942 0.24071076710894423 3986.322537357214
8.264765903102239 0.21458424457516861 4530.191528082301
8.250914916078745 0.26696870308794174 4499.4752851931225
8.122578162722522 0.3180844961855685 4222.01762181422
7.969634021720252 0.3508981459153818 3908.2566615265414
7.5333764734959585 0.2902683795826587 3108.343120527227
7.013407460242905 0.3032969624785201 2322.164173046853
6.580623752804019 0.27829199859277076 1789.7573870460717
6.173526242646383 0.31361326282569474 1377.4305368241253
5.712632502275821 0.1309574731801799 1000.7378681588021
5.206081937892025 0.11918981593043429 681.3959103498694
4.6065205089573915 0.10695549854507697 408.8611011852008
3.9585053329716455 0.13161702717764995 215.21931268129677
3.2799561051683055 0.13992523894106557 95.24032988857901
2.603312061535761 0.2905969711753619 33.460875705495106
2.000903813217449 0.3283995020253746 9.129555727379707
1.491505385489549 0.27470157998121447 1.5750774991423648
0.9513568572791339 0.27307661263236505 0.08358066746648066
0.46354080857423485 0.25873003610710643 0.6833702209574365
-0.07692167750731921 -0.018178240239313914 0.9885315697089856
-0.6646024395894938 0.0901424644556729 0.3198285706469874
-1.0604662434052101 0.02922066848778191 0.016376180023386186
-1.367019704381092 0.004342215911963463 0.7547330327785499
-1.7807838185804354 0.12921383711422305 4.730766611170832
-2.3402301806290366 -0.022641669045595864 20.04115227853362
-2.828062848547788 0.015080682822777965 48.971384327463504
-3.10216409427492 0.0023402353581129104 74.36341363626877
-3.3490872504884996 -0.15373211276487966 104.3981644364476
-3.600087644266715 -0.08422590858113259 143.0637890318285
-3.7913412862668516 -0.20146641388372563 178.91165328510615
-4.10719763069049 -0.09317432359316163 251.83613957848408
-4.461269675571244 0.021374377303640377 357.3211104989105
-4.945320860415575 0.07833990899652414 550.1993811061003
-5.506980458323998 -0.04879775342078506 860.0655600978996
-6.052650838908983 -0.08157008438899854 1269.8301006611725
-6.525154581858962 0.14773016134127362 1728.7221648538477
-6.722570195456292 0.049053245261622705 1953.0192388257208
-6.885148056313775 -0.1388757075002451 2153.4677908524086
-7.023962914476857 -0.07041512759953013 2336.3791735681516
-7.00176976526748 -0.006179953058621457 2306.3795174307056
-7.112458635284178 -0.047429725960130065 2458.8795464116474
-7.14790477406825 0.014381324594054688 2509.2630368810273
-7.085014946417522 0.06316497651519314 2420.391776614732
-7.030013999509723 0.09479640585786404 2344.61160489864
-6.693502870461088 0.09721787667852046 1918.7105674938648
-6.230231119267568 0.34647541954675887 1430.1532470598672
-5.751656614652303 0.3675727844715722 1029.3612048001878
-5.259346564574924 0.35305852668989285 710.9189764365992
-4.6523439046164725 0.3507560107429477 426.31030944743947
-3.906885370360204 0.2574570245288136 203.52094224099702
-3.1203112462714673 0.31281383038256655 76.42152881411226
-2.43116079635784 0.3771529129389088 24.25567508466776
-1.830217835533107 0.3812070114208891 5.666396307034703
-1.3454215278090458 0.5113636252991118 0.9178505043249643
-0.9080276871738866 0.6837195560619156 0.4982676690287411
-0.49199678882439946 0.6012340150161775 0.9359541107503073
-0.14217716931736596 0.4970312239148584 1.207019962439948
0.23869031459571638 0.6001230423039927 1.2494474636221462
0.7475498176061519 0.7152197245684014 0.7061695793778615
1.3167774190575927 0.7969659756647245 1.1737680441477218
1.8741098167048365 0.7977802211251549 6.948042291804022
2.3171580034543835 0.7622357747880012 19.671097384257337
2.704893071296911 0.780822338096278 40.50718025401587
3.1141046649813218 0.782283011927218 76.26104508486821
3.4860693914445156 0.8310401650977173 125.07289452119348
4.029961448983402 0.9478982375844163 233.17407267937918
4.398308586154277 0.8473868514760019 337.26143428459767
4.776736998455371 0.9315433148287668 476.8587023153745
4.992186536450134 0.9587168992900734 573.177701483975
5.157189222769375 0.9131739579269696 656.0198530205842
5.355078279717727 1.0272609907872225 767.0640318038033
5.471959153430049 1.0001620245545984 838.6591937544051
5.442968948754687 1.1006191820698228 820.6541418532352
5.492702106379058 1.1361943494948266 852.1667945422256
5.531100823349763 1.064503412662197 876.8833334821182
5.633781642591386 1.1327573222279432 946.1997286721376
5.811919012235209 1.2324275410207055 1075.9425549649857
5.931780148363622 1.2861922702280766 1170.3379619466627
6.038778247694751 1.3036817164666847 1259.596518885767
6.108472943592508 1.39374520033289 1320.6085739717048
6.233900321214002 1.3349285691690442 1435.2762172016853
6.2775411314839875 1.2920356450701904 1476.8071527924542
6.19501455647234 1.1849821634778281 1398.5344182811482
5.955701841603571 1.1622609228981495 1189.5582529346461
5.726423935072581 1.2987290690958553 1012.4135792556654
5.525233589578631 1.1284386330925271 873.1883362845391
5.228497274474985 1.0931478998007336 694.84222016956
5.070679148918266 1.1432472265652018 611.9794325001142
4.811830922141298 1.2014561611204528 492.2306659929598
4.5480092537512515 1.153018668289541 388.8045897635476
4.290941226433457 1.1184983820447583 304.4349328834142
4.115537244335477 1.097018093422962 255.21203452205975
3.757957383395655 0.8635294221366011 172.93896266483088
3.4035027036982872 0.8614529675895177 112.7595725296451
3.061417483370424 0.853889938007729 70.82415031631126
2.646560948514347 0.723317355232452 36.57462460676992
2.2916565666247104 0.507151132616296 18.334068591313766
1.9471396062723398 0.4296574769516349 7.976255143586863
1.7812013074733009 0.432744135345214 4.907797603094754
1.5923018711666082 0.3781652368417366 2.5005396413787033
1.3691856414774362 0.4006866433980226 0.925596206995251
0.9300838468943924 0.21924836321167948 0.06627973809422909
0.4770910969863903 0.2502501935781161 0.6592023344195495
0.19478945040132312 0.33169718945516163 1.0355768314532021
-0.03045662952784245 0.4419419613619149 1.1934583451014384
-0.08884708768504282 0.45583993335586315 1.1920647470188723
-0.2002923393774595 0.5481309723062497 1.221822895765832
-0.2303408633094891 0.8123480678023027 1.5566105926918152
-0.2670888763866484 0.6255050761501629 1.2536725561616036
-0.3296850167098401 0.5141813100970427 1.0588119957346778
-0.5773576543760762 0.4637519689322641 0.6594989628946365
-0.8812025321292789 0.3866338579255773 0.1994299879388391
-1.1699843220080512 0.30762739908451914 0.23069476089418223
-1.4084212481513263 0.3153031471933328 1.0669842081380867
-1.7460185624143212 0.3787516086697334 4.3401361583519735
-2.0126692028245876 0.49597466185066086 9.553599218293876
-2.3847236106242233 0.5018886531970734 22.2189866259824
-2.75269718625332 0.6098585471248017 43.633352591096006
-3.1726055304980987 0.6117913925132948 82.55623458873073
-3.5444093612194836 0.6187471205971875 134.08206413599666
-3.8897657554667195 0.5453548389518548 199.9621578691166
-4.313881289012218 0.30456702086299947 310.1897791933652
-4.64645178935029 0.34287443031871023 424.04565913349126
-4.99982913311799 0.479872272322004 576.1482656152115
-5.286263970312489 0.4729880274950818 726.2344735473911
-5.699697812600197 0.4110525245505806 991.5721197042445
-6.116616095936335 0.2885581930395552 1325.9892860918294
-6.32068007330158 0.3033900788254245 1517.2721808186861
-6.469175124245395 0.264437465195004 1668.81095581673
-6.788656922835123 0.23387416542269496 2032.7897229845676
-7.174897428675651 0.2483240157916368 2548.206563723221
-7.507756496458965 0.23149326852661753 3065.492680783526
-7.795752552271103 0.36868068492174627 3573.038053704017
-8.004532084211966 0.4567782763819633 3978.353177343088
-8.014717408215683 0.4222944400131716 3998.931471618042
-7.931701698075295 0.5701353892049357 3833.407403991193
-7.7127095423701855 0.46249856424966024 3420.813056798059
-7.357419422586415 0.6249958801144027 2823.3597231662284
-6.967401770891168 0.519326484121079 2260.7670034807884
-6.635692557942685 0.32761571782021737 1851.896135061785
-6.302963999320159 0.48460059427500723 1500.0428767202557
-6.0159801397867625 0.5316764522907997 1238.7607433560704
-5.749689126209492 0.6017377985424394 1028.1367636147895
-5.476219543663983 0.7540550398526455 840.9295888763455
-5.032200226098585 0.7173590786607073 592.1248358641493
-4.536184670632317 0.601912183715442 383.62010614520665
-4.17675477562949 0.659635660783547 270.8823684730448
-3.713405198437818 0.600776522433261 163.92912634852286
-3.2494219329994056 0.6266184365561355 91.76221646766902
-2.8323860440509927 0.6957310059996074 49.79829370778499
-2.405059910194788 0.6591231785238284 23.324095888662942
-2.0175034527533895 0.6038677927652606 9.791522330348766
-1.834885942408287 0.5509620989718563 5.905331872055544
-1.7967420964424594 0.32625372428522503 5.071682882213229
-1.7983834574449427 0.22655780380273166 5.042902384106829
-1.7797938429573255 0.07934525341276613 4.705072091899999
-1.6187164312557412 -0.07495035433237533 2.6308045614157085
-1.4431539623448084 -0.06300458164890631 1.1761944869997116
-1.0780689570921265 -0.06944498144681904 0.03114204668999282
-0.9118557739700348 -0.13524245191302364 0.04668919016217338
-0.7347370423053154 -0.11354823816568661 0.22464178883717273
-0.4828076253913902 -0.14696544395287253 0.6097295387564162
-0.07220551282261872 -0.16973186851918592 1.0184088170282548
0.3008063451861195 -0.44171387337114254 1.0223296683337173
0.6824684812611139 -0.191531867078165 0.3220933847544069
1.045592445203494 -0.19909504716145174 0.04833692970165898
1.3263817362512513 -0.17170778908978146 0.6060026066482933
1.6319899297369438 -0.0007010110864211772 2.766870545316872
2.0026238155780267 0.12792270764149416 9.079487394537832
2.151212726394381 0.21605344244903568 13.207003875663334
2.33542697808748 0.2566867203393695 19.90595648660538
2.6411828723904094 0.17444080091272862 35.74117654700449
2.933553416430926 0.06339938427795797 57.851234214788036
3.3663482273169603 0.15699450734208076 106.78107857410896
3.7286629032196092 0.13948396928960585 166.50498212811516
4.356506095546534 0.12117978252222633 323.26435243490715
4.929779607894214 0.17751899055977632 543.0485978087312
5.2554976632968105 0.30822221795582344 708.7330138790252
5.622901583499124 0.4049734377390444 937.566052965448
6.130714050792065 0.2889829366959186 1338.5936462760526
6.574282449615409 0.30851377209363623 1782.7240427380232
6.921895979232356 0.36892560184366485 2200.932268227063
7.126713710313902 0.3666528302322652 2479.1833448881803
7.177280908821236 0.40637655604101774 2551.7648060852525
7.182159382894246 0.42915021490069777 2558.8658812333456
7.151350444215134 0.4915736973091146 2514.443073274366
7.0712662281447765 0.3686828767703956 2401.410929729132
6.9874344595460745 0.3332686146821942 2287.2690307717644
6.847832320157085 0.15396829390914427 2106.1734850896974
6.659587591203062 0.17385393828386403 1879.261992124614
6.259337639467427 0.1574296083329307 1457.6843193763057
5.859519822365511 0.17383365551992958 1111.1839440169003
5.360294022745159 0.3660899688212129 769.2395559288211
4.847147126584434 0.21420011773077033 506.06349536891344
4.529733700149068 0.2790958642832533 381.0492446615873
4.273608497249118 0.24485382937935782 298.096312677057
3.8871030514027183 0.35500552365379157 199.20599823798142
3.6764048499329802 0.2989883592494442 156.7384640403395
3.3714064801363492 0.08203670046893483 107.46859862294272
3.025979493199185 -0.009265069498699943 66.52942462898866
2.881426688612165 -0.22337748524701048 53.3781528870258
2.811025107283089 -0.17218653535181494 47.66534939268059
2.8549622352036534 -0.34358043153719564 51.25212207948437
2.898082929248091 -0.38289925083612164 54.89010611929157
2.8896116470253355 -0.28547496950347506 54.1018713972815
2.8610498027202955 -0.3916017728133952 51.786285156965405
2.879633266114858 -0.24847146627673997 53.23919865919892
3.031431241860124 -0.28072118241026917 67.1479491907385
3.284347936859035 -0.34374251393765143 95.90238030256045
3.6711552198890307 -0.2843107040866144 155.76586042448162
3.8488246106571267 -0.3070528391281412 190.90570675964577
4.141947012448594 -0.1598304504085244 261.03299779111865
4.544186658222282 -0.07844044651415427 386.11420576007015
4.8403005929652485 0.026042942589463602 503.03873144091625
5.275542655008227 -0.0527605957904887 719.924142859963
5.557104402708215 -0.03274131556594997 892.8996962937094
5.713874273883517 0.0809992342931008 1001.6252020515643
5.987757140307964 0.021248493246469713 1214.7484812876244
6.422273290142052 -0.24751739195151157 1619.7691184386729
6.840992564300933 -0.29687599699982714 2097.652956688773
7.281155185883808 -0.27583862305007745 2705.659286075923
7.9065399172730535 -0.35726215278595225 3784.022751097496
8.399932156343715 -0.40272201615318676 4838.597221682735
8.726827443260806 -0.36597878319046717 5648.786335813234
8.87593432433066 -0.35820852282691756 6050.200526027034
8.79580726481458 -0.5013453467412861 5832.051735073704
8.611981880640052 -0.43575226275167595 5353.487372304211
8.375011009186805 -0.4128727208612426 4780.621988923912
8.072383027139953 -0.38967701259118176 4117.089607509308
7.557921449508207 -0.4143988530917363 3149.8704368769154
6.9492896701911056 -0.33711359532621377 2236.7062065917257
6.1622690432810465 -0.36777588307394166 1367.1793805580808
5.388255215061866 -0.49233763814415404 786.1079835657765
4.5196866717936 -0.600827785653411 377.79137731532194
3.5223432991329195 -0.42860004886251657 130.3011184702462
2.522901586333008 -0.5938723345869047 29.13625715650925
1.4430052739348647 -0.5896192061146933 1.518946651418545
0.2629116898423587 -0.5822521519568729 1.2055503829855096
-0.9243182397975458 -0.5514849929175762 0.3253454812017235
-2.192149343357894 -0.5429274814645921 14.776743157902017
-3.606698884208032 -0.4410043588285814 144.39319754294758
-4.879576339224757 -0.546383365088082 520.6067355716959
-5.995350536822239 -0.4858714985485012 1221.335145778693
-7.1487217020814064 -0.41072294826740524 2510.601752941026
-8.318336295030269 -0.22836500337808252 4650.571811495238
-9.459585575028289 -0.2486766083551284 7829.437491294601
-10.461553743510123 -0.3286457285253357 11760.23229212479
-11.288365052736063 -0.08415274870859027 15983.840331276944
-11.820082289886068 -0.06407529668237766 19241.673708659175
-11.93846463154045 -0.03380424085329088 20029.875254036993
-11.68831838229957 0.07736593004397366 18391.91879482503
-11.167154924261272 0.04493644637689421 15303.015415843925
-10.48414048528031 0.02962560380377057 11862.957707122801
-9.853425506371378 -0.04039613961754537 9233.288619050989
-9.06761338621495 0.06171638671015584 6596.954149564292
-8.362763786653021 0.015740783288556354 4752.147271968968
-7.5880658760888835 0.043562064990587165 3201.156140834769
-6.715902789678328 0.06967788362031663 1945.1103609639313
-5.724387678311143 -0.059924082355619426 1009.2484449041261
-4.5238029859697475 -0.04015573475848652 378.879796762667
-3.335487742734724 -0.17004798683273886 102.5542308059259
-2.136659633578522 -0.325365487283351 12.817329398172689
-0.784880378528491 -0.3383082516164746 0.26187989829222275
0.7704893669058873 -0.29979982368532154 0.25499711610531534
2.2184582804553803 -0.28069348128591304 15.457399249356966
3.7863153220919155 -0.13285918880056366 177.87144773251228
5.308431502207838 -0.23119918378026266 738.7756843116564
6.78963015037832 -0.21807058001916274 2033.9743532478858
8.113760941625577 -0.12259230933722776 4203.348039257886
9.412875635894393 -0.13824692089675397 7674.169416663809
10.699333710424401 -0.1329646902458872 12876.761667341283
11.73071629584797 -0.1816821442672463 18662.24445768044
12.349381978799107 -0.2333466345292409 22954.496786262116
12.79989146301014 -0.2511345020030505 26516.023762927394
12.67226207147847 -0.3683242027561905 25467.899194268775
12.217793009900456 -0.3285708226508161 21985.425236089286
11.475034598297936 -0.46463352314392414 17076.54237537288
10.479110802555741 -0.453314749964276 11840.205307619215
9.103123624321748 -0.4614921076473513 6702.395695327958
7.544788728655018 -0.4645282721363432 3127.691326848728
5.849164989416245 -0.4241774439044057 1103.2654318587536
4.064980195397724 -0.3643117110230273 241.12928575660123
2.0733188736514623 -0.4428440383088276 11.07721026379686
0.05444374680810338 -0.5011570771226688 1.245238958833788
-2.079227476950206 -0.5682171304686219 11.366441885702708
-4.1009589646079645 -0.769500556529461 250.79696621332727
-6.096500033614118 -0.7508333233308219 1308.6382557152724
-7.98507849776187 -0.8359056302171017 3939.7019362163196
-9.846936697110717 -0.9492742391706406 9209.637718117314
-11.626734872605816 -1.0662502254774324 18005.66793526814
-13.280137674404632 -1.1950724927418916 30753.27911118098
-14.41838778116097 -1.2597423424066283 42805.02024149613
-15.053283475774649 -1.1362513623771986 50897.257211959215
-14.966949222617362 -1.1155803211443422 49734.51239947258
-14.175850134313839 -1.1794303031392146 39983.283917692
-12.956923214738152 -1.366389336622681 27851.421947404837
-11.24262141739154 -1.576595378672864 15726.7769777506
-9.284483038434184 -1.67214059282129 7262.113006385368
-7.158368986630664 -1.4774452785198429 2526.466182816976
-5.053186794585624 -1.5535121407074404 604.3647461056876
-2.820898543269488 -1.6399416366151285 51.0957777720986
-0.5669708820027699 -1.71510569111247 3.402009517354131
1.63428998671065 -1.642301488086619 5.489073555168265
3.86403106193428 -1.650024161423181 196.7879865609862
5.9879632448493885 -1.5927966746592876 1217.4570901505924
8.10770298482195 -1.543285714532606 4192.982236255929
10.051166231471147 -1.6044356039972247 10007.763409159703
12.001282934398125 -1.5576585083935777 20460.23378062248
13.666105454827216 -1.4456725750051485 34509.7734532687
14.857699835817256 -1.5060736348033206 48292.87767808379
15.180452840932308 -1.376830341555383 52647.43070297656
14.831412955308018 -1.3947506544651067 47950.161071314375
13.813705201543112 -1.3774063683301927 36032.94173835235
12.066522601645406 -1.5352861262721955 20911.796962114782
10.099058133148972 -1.4810644256030177 10201.370618978146
8.063138671047712 -1.4675313941576678 4099.972119435125
5.7619992864598695 -1.3367953408223532 1038.6679662368215
3.584823446101391 -1.4185409626207508 142.4574909939046
1.384756536796882 -1.4788487144653988 3.028892745323135
-0.6715976068023339 -1.5099989857511562 2.5814503455303903
-2.689985389325856 -1.4480980577291231 40.98495082103479
-4.465069573936384 -1.4308760939607372 360.65155418959324
-6.308558468220114 -1.5130904872348128 1507.567259074335
-8.306904844188553 -1.5827698243065238 4627.140042402646
-10.111415792731158 -1.6484850834313993 10252.402779047903
-11.839592718533122 -1.4883361690798482 19372.161800901315
-13.101017457886192 -1.4381817631729428 29118.93756756794
-14.020794730650138 -1.2866461359198942 38254.242082767734
-14.413760429279266 -1.4219071153105032 42750.267858144536
-14.150248878511439 -1.53051320825882 39694.753403696224
-13.512347112798286 -1.4807201987556735 32974.768900968156
-12.39966955939502 -1.4595083457323386 23335.244151028226
-10.88369975944111 -1.3751041154821948 13797.549250103652
-9.081381353301786 -1.2854921147178835 6639.255730259845
-7.132217418697987 -1.015677564521843 2487.901417267718
-5.0597908758602355 -1.0170658280417428 606.2674235059317
-2.8775260214022116 -0.9815662261373665 53.964143696640754
-0.5338653523653161 -1.1251397100723721 1.77714690065865
1.696923534696053 -1.0590738346352855 4.654343644771113
3.9170475458723946 -1.0834615753941361 206.90303877218886
5.929983175310368 -1.2527626667648746 1168.7961717841422
7.822844440815693 -1.3690277448329748 3625.540422088446
9.723128129361314 -1.5431192172608579 8751.967011111456
11.397686285062086 -1.4879067490639626 16619.29365295897
12.58810761890243 -1.5831081846676516 24796.30062435282
13.244848756557014 -1.6450374718920961 30427.14210737422
13.23938219708598 -1.40891843041461 30375.936001881422
12.940821182467772 -1.1943027098989345 27711.973602193146
12.20426452857188 -1.2659138102579397 21889.05117991366
11.114091054676475 -1.3020755296163098 15013.585823655632
9.81778066460785 -1.308722860781278 9100.739198210586
8.418262332672404 -1.185589807413932 4882.8229730213325
6.941523632077397 -1.241495562871341 2227.94197537956
5.4000396450096115 -1.0974017564442626 794.2140052018603
3.829396097960859 -1.0165647487384377 187.74580081864178
2.067299909826701 -1.1969338581321152 12.149951683854722
0.1730866607878896 -1.1332632495140706 2.2252651496239935
-1.625074571010733 -1.1344768215838492 3.9794833562406513
-3.5287991417666875 -1.0908906567582204 132.34804376696002
-5.503582339935153 -1.0205811242855432 858.9116261431981
-7.573410241037728 -1.1605635239058272 3177.4068104291846
-9.50927943768829 -1.1023873913750546 7998.2954564976635
-11.33383054921411 -1.0532559991186217 16246.068613534388
-12.80117433290027 -0.9224285789656774 26527.50871999442
-13.794842620312485 -1.1639236283374867 35834.96747678674
-14.300488251058406 -1.2296608889587628 41415.375518611276
-14.291376331749138 -1.1311052895817553 41309.1742679768
-13.66454435356707 -1.236431306205327 34493.36261919187
-12.619931024271676 -1.156298611694945 25048.40627839025
-11.305250688570583 -1.2041088767754595 16081.894531887207
-9.55121106080374 -1.2281769197467132 8142.173219717696
-7.677652281537763 -1.2791277976891926 3359.415015348905
-5.775848766999437 -1.2868872406748246 1048.8534424912248
-3.8065610140734254 -1.2470077618602224 183.53261258607725
-1.791534026367478 -1.1826268539444054 6.280912661305857
0.24328252022674635 -1.0892643883175188 2.0716271664886703
2.265920023781465 -1.1697379527117202 18.46149693880804
4.28301568206914 -1.204899978904415 302.2738669789483
6.389418727524264 -1.3174111100961676 1587.7400461053517
8.405693800338222 -1.3356135645912721 4853.698771270967
10.250294919985398 -1.5014410272666303 10832.516580614287
12.004916989734905 -1.5558700890810142 20485.19179537247
13.463161452625293 -1.7611588339227264 32495.585451500727
14.443141140802812 -1.7191126002034396 43102.51152750676
14.713644678717333 -1.6788585328979058 46439.33606527044
14.319407406612052 -1.6627369250941357 41637.30157625528
13.321445382150314 -1.73376002479112 31141.45764765448
11.904786151146983 -1.716076138204488 19806.170322013015
10.151979765093404 -1.5691943054692357 10419.255703976134
8.211052204691118 -1.6483066109307136 4414.516411039727
6.119920959699907 -1.70175482433898 1331.7487143764022
3.9562226904221003 -1.6786858500086708 217.4902397691155
1.9178902997181795 -1.6252607045353644 9.814780398227633
-0.2190830011921876 -1.5769867646940186 3.3931962798998097
-2.26028615750891 -1.6803486651074473 19.706577544292994
-4.357958473482911 -1.664913840405967 326.47687933990534
-6.443447564736234 -1.6228091627804166 1644.3431722537086
-8.497068085713462 -1.703135014519413 5072.364314888088
-10.372311960304557 -1.6989314968889115 11363.217769270146
-11.918850971181305 -1.449271583929804 19899.74425957463
-13.089800482281571 -1.388515014463039 29018.623604772645
-13.661157757345743 -1.417145777757616 34459.47729152532
-13.653146179561027 -1.4423545254929047 34378.35539979856
-13.298074339420172 -1.5810834001040295 30921.776776374278
-12.474586116136484 -1.519661911336366 23908.19998572256
-11.082744891287756 -1.5794011353773707 14844.36953131379
-9.415090477082265 -1.4099700880245207 7683.446252155302
-7.617241172036861 -1.5044345857628356 3253.81321384885
-5.923726244369042 -1.5788092350383225 1164.657052795011
-4.18264235109814 -1.6865595553649912 274.91291564398523
-2.420593806612726 -1.83250793386653 26.970632794880625
-0.7169768212919938 -1.7174443912567068 3.185757039242138
0.9174507492021586 -1.7019923293556556 2.9218317527123827
2.5562828088744904 -1.7619094358873728 33.735920549507185
4.061450172728755 -1.6739273444145983 242.9087567941451
5.652513699992549 -1.7209299167851966 960.9204994691956
7.063383740796573 -1.4104623377783134 2392.357407402125
8.511213667726398 -1.4339961220489914 5105.83826245109
9.797757886456079 -1.5557990994665427 9026.671850670975
10.99209686587915 -1.5506132601875502 14360.721052307883
12.040958915369343 -1.5032129938545815 20733.851064916347
12.620201591222786 -1.4943446026161062 25051.46396186325
12.645618730850172 -1.4242462740414399 25254.94832044998
12.32935198298722 -1.3331504698046273 22806.679393867867
11.672007750077583 -1.4225584400759164 18290.735785437144
10.68237975353206 -1.4324908296741081 12796.656459540067
9.520409639882502 -1.4670742238331433 8037.1591542374135
8.18079943279695 -1.3362167804200507 4347.9543040840335
6.685949681750837 -1.2385124147919782 1911.391999739508
5.3074677507820915 -1.3965919279012833 740.1166543476567
3.8874122939909155 -1.349100875036046 200.96789304182687
2.5654543107722736 -1.2202676537469548 32.64281852592508
1.2736081145740075 -1.205890558207679 1.8411526155096638
0.01801842220301575 -1.2950215148030144 2.6764315021317353
-1.0736586539341357 -1.170855319431813 1.3942325741208297
-2.267735681603758 -1.1263507094618908 18.430008818972986
-3.477151683091652 -1.186407232934648 124.40861175111111
-4.7303089236514815 -1.0732480637740314 458.07764952123233
-6.230226840098257 -1.0361117767472408 1431.1026967545604
-7.693960845403424 -1.074375430430707 3388.0489896716444
-9.305137244099061 -1.2364727305761143 7326.420220091039
-10.815514096059905 -1.2978362836857198 13451.965064480642
-12.111339642693999 -1.1973118766970055 21225.421064413633
-13.077444165828345 -1.0575716564523066 28907.764449372797
-13.656336783117839 -1.1450968543773143 34409.90450463881
-13.794066313483976 -1.0864935712932138 35826.6851350652
-13.262110815026508 -1.0160387156982067 30585.30003204189
-12.234674168794204 -0.9954717655392169 22108.889876272053
-10.808097580492397 -0.8923560865384603 13413.904342052783
-9.020294939856194 -0.8824634808809588 6459.427821819343
-7.157982650596388 -0.9440410516052908 2524.618810418711
-5.306525585462019 -0.9481371422161773 738.5218576859127
-3.2714452845045274 -1.0385081041359205 95.21417706528077
-1.2330915155558362 -0.8078774024360366 0.923601435433425
0.6265709357273148 -0.8892167004759868 1.159651866651128
2.472864464002559 -0.8735260700085883 26.926872862877097
4.311879515030704 -0.8490434207501565 310.21006825945847
6.229761066576384 -0.7695868191144908 1430.1825371023226
8.122810944866965 -0.5508728950417054 4222.711352630544
9.898469681960695 -0.500243005881152 9405.312851742765
11.524330975225508 -0.47413171002046306 17374.154791845274
12.723738483188102 -0.5216813128817395 25886.997247489013
13.695868134682936 -0.8080438707995135 34811.556711804355
14.080686610874636 -0.8573632540603959 38914.50544793383
13.875496652001829 -0.7718622264736608 36684.109647198726
12.9677775187298 -0.9799944450716935 27944.513801849036
11.668900197225168 -0.8355259957806528 18269.79733777076
10.102702443406603 -0.7854028328208345 10214.669555661065
8.339875517370686 -0.752785532123719 4700.152290235713
6.4200574162933215 -0.8160973516285729 1618.0841417435674
4.4375188879987135 -0.8556089884951096 350.10700090298485
2.40686680884777 -0.8354033427962262 23.670822856636306
0.32385648739301454 -0.7540572607398832 1.3698367524343114
-1.6513619027696969 -0.5859065875431176 3.3258021758981244
-3.5606469521197157 -0.6406507608226778 136.79094553726117
-5.362182004269507 -0.7230688311674162 770.7516070133065
-7.215618787674596 -0.5781562699781937 2607.984267662303
-9.076048400379287 -0.6720589647817651 6622.28606899243
-10.92749643755501 -0.7083032382747012 14021.472040486731
-12.499795713040289 -0.7690248620920102 24101.568160754705
-13.729485961329585 -0.8974790131487105 35156.599755935655
-14.517696116537843 -1.0980944410746492 44001.93196689777
-14.682971901640371 -1.0671298581036561 46049.86260355335
-14.25594426847472 -0.780847276574708 40898.3701041599
-13.254516662391374 -0.851856853663023 30514.600833105265
-11.706323049692745 -0.7857878418349488 18506.954727987308
-9.825423567951022 -0.8837257680763962 9128.471611525081
-7.8566804134967425 -0.8369373751977693 3688.520868763459
-5.96546770707136 -0.8657065300941695 1196.996525421717
-4.018664193840433 -0.8669985567087978 230.26394226815663
-1.9839803024526645 -0.8705462759056737 9.378991129654903
-0.059365323484303456 -0.8124693351343429 1.6530703575479329
1.8612668239271537 -0.8532968484378639 6.8009599378592895
3.743070225042166 -0.8758368844579294 170.04214452218758
5.730555672156524 -0.882989788520504 1014.5186775901198
7.61528667575711 -0.879703839932082 3248.929325288861
9.442452925043124 -0.7913826979364357 7772.797294630131
11.170657920365105 -0.6649074641755087 15322.821328306016
12.760835501107548 -0.5051556575206472 26192.092078509166
13.9644816451363 -0.5378480681532514 37638.90740160601
14.467822263108271 -0.3213948625876839 43396.4428543581
14.555538010082447 -0.4763944143536085 44463.721346903585
13.973435735308925 -0.5592028813502761 37736.058333220884
12.952681116184058 -0.5684886618029414 27813.205851610877
11.490208756625055 -0.39947529506753676 17167.68328534111
9.776734611911476 -0.4616725359580589 8946.448286446897
7.929387945060569 -0.525027301545532 3828.815185134582
6.00315113999841 -0.3596099100679532 1227.7784025893618
4.1845911350280875 -0.3818115543702646 272.7523946898911
2.256693692473311 -0.278089785273178 16.827252367565094
0.22614612476360207 -0.18686506476637296 0.9352499242368147
-1.8548394506625328 -0.12765096091684847 5.971990364339161
-4.0981460414831545 -0.05255712691689764 249.47850016486646
-6.32278676816322 0.0003435134095224057 1519.2558366438293
-8.630654138274373 -0.007223745451748744 5400.514247251763
-10.955104614685098 0.09680951251973467 14164.417051310946
-13.0386112023646 0.13252573739932066 28562.836737250465
-14.69579143909705 -0.029401989201494533 46210.504990327725
-15.662405462649197 -0.09549610639336263 59687.84690591713
-15.87268667544966 -0.07542417139222325 62971.984544785
-15.439087365903843 -0.023764241255044317 56342.34255557317
-14.333819054772018 -0.0887335571989693 41803.2324030424
-12.740276265054732 -0.16146741219539174 26022.4389274138
-10.576022289464374 -0.060168758318671245 12288.224388819306
-8.236626330314957 0.012195269033462873 4467.854891422151
-5.834776132723983 -0.07290567792459567 1091.9517317690843
-3.4243144600977384 -0.039269859229553214 115.04710622491368
-1.0269463738262083 -0.06102231918026095 0.006706942728493915
1.3636730907080143 0.030016299370513845 0.739820527920094
3.9504681231078456 0.0034809126219666822 213.341043574196
6.48817749984101 -0.19541638952116164 1688.956165735414
8.798512691379965 -0.0645677270337422 5839.076908819243
10.869205244055596 -0.04721284414625675 13721.693420686453
12.614616316201914 -0.16975870181365912 25004.665500159794
13.765772366892234 -0.059619524794272974 35530.929865940234
14.540841445109281 -0.10895496363636303 44283.35139952879
14.740917389587281 -0.0015248922384672042 46783.373668515145
14.38149156475108 -0.08220225803848935 42364.88402895672
13.307430459230847 -0.15845880152295763 31006.905111831005
11.913012890754283 -0.15125097781340668 19858.434366840305
10.084477403541038 -0.0785153754808326 10139.828434466213
8.127808066340107 -0.24427050693338653 4233.027736577981
6.08631355282782 -0.35475744205755966 1299.2390319371304
4.018676024217681 -0.3749458147023651 229.65572114796538
2.116354136338612 -0.475232072581959 12.328972234757002
0.1842140674028394 -0.495515610423203 1.1788176471017522
-1.938356863927431 -0.4602078368524438 7.814093813067515
-4.169957469223968 -0.388129702333115 268.7350615565825
-6.451644122959402 -0.2954475540224131 1650.3732569233798
-8.635209278211867 -0.32138672425854137 5412.183130857583
-10.618483564432566 -0.3151456384070263 12488.6520035994
-12.376494692757872 -0.32572682431816097 23158.134394619625
-13.885837352534445 -0.41652921599118586 36793.735105271844
-14.934510464702157 -0.39097900987457346 49301.73808518195
-15.279310584056097 -0.5290252647561493 54036.69103297807
-14.930814283745148 -0.6232863863505331 49252.965034416295
-13.93328046703233 -0.5569312132139763 37301.94231648494
-12.357229749395469 -0.6151352546396522 23013.610348524897
-10.357189873568359 -0.6723958691179305 11294.058764791758
-8.253170647635459 -0.6713042700611194 4504.850483398199
-5.930696329640237 -0.5472102290979535 1168.1042319580774
-3.550072677638511 -0.4434487090053052 134.82662743703295
-1.3107892953668454 -0.5728684205163732 0.8439443319972526
0.8498303758939456 -0.5677083411413198 0.3994591181123064
3.228395801197175 -0.542588037864035 89.07865145032876
5.665874410023612 -0.8803053380644381 968.117604073167
8.194295518240821 -0.8402964531920669 4376.062787553015
10.695864947568355 -0.7895105554053086 12860.529647546487
12.80675158953571 -0.704290166687136 26573.69711669559
14.493281954802233 -0.8559670601279995 43704.81845040114
15.65850538966728 -0.810252005039168 59628.82217702855
16.086689286329253 -0.7432686142829805 66451.89141150762
15.723813285786447 -0.607875526235308 60633.67199073618
14.557370896259032 -0.6922975653884593 44486.48016459831
12.876945152399147 -0.8888683005214283 27165.010478385204
10.733030571628163 -0.7592566455963794 13041.747170319562
8.463364253082625 -0.9071249395492547 4989.212758498904
6.26230347010343 -0.9844206588401981 1461.465733490956
3.805915272821084 -0.9101456800537953 182.6733491521889
1.5567841705814334 -1.0300357365515982 3.087544961886783
-0.846916074607384 -0.9627867632823189 1.0068963927693941
-3.0985699670624425 -0.9604712557393028 74.90204278467486
-5.187701920229747 -1.1626056782732057 672.7964148968271
-7.430139524449361 -1.1055884357147119 2939.6182858586826
-9.588563127690843 -1.0873384777504902 8271.364639493102
-11.693873715235222 -0.8594824735363258 18427.900511154832
-13.63868079727181 -0.9249361084536281 34230.89283139492
-15.01455425682629 -0.9421461194649294 50372.78257805528
-15.889442976295742 -0.8951523065069231 63240.17419587718
-15.925324679833059 -0.9454859858706174 63815.72030173976
-15.122514677182721 -0.9258724133293479 51843.79833452093
-13.490496617312969 -0.9513714929073186 32759.551781367983
-11.552558459213778 -0.9906193836351889 17547.05864348048
-9.28710160469211 -0.9694071672842642 7268.545935128275
-6.7368011275411845 -0.9697417521284682 1970.9233012087072
-4.218446049160635 -0.9573642671937909 282.9982140930251
-1.5870592004421025 -0.7997545555083645 2.946229887691895
0.9958435708617595 -0.8332459895066247 0.6943676957157862
3.5275639358741246 -0.855029761579872 131.68951315745394
5.914112695351564 -0.7783424475575863 1155.0239286920137
8.272517824736761 -0.7240579331472758 4547.942950120437
10.318064380988522 -0.7545248932325253 11122.898209941266
12.202778158788021 -0.8195306142120651 21877.387390835716
13.711225880152472 -1.002114031410167 34969.14969882709
14.714978567468105 -1.1600606492324965 46454.782794608174
15.003190347732001 -1.1811329917747009 50220.287070984356
14.60376704554529 -1.3027263669730695 45060.255056739596
13.681812789229287 -1.4013256018118065 34669.42502412364
12.270550198567594 -1.4256261801862358 22372.14106974915
10.566256205601125 -1.456358511321032 12244.607443796753
8.547526810408229 -1.4788198938674395 5194.861432822734
6.501134557962164 -1.453534216713063 1704.8923989078244
4.329341774399509 -1.4490516851133937 316.9209041078206
2.1725750585680497 -1.5236213297098338 16.160434908367083
-0.007817005877697625 -1.6257719885379 3.6430123512865857
-2.1322281538623082 -1.545651947503985 14.965970916025363
-4.1791227323932585 -1.593316391533023 273.63708226052444
-6.17626437228905 -1.6156668270444334 1382.4536440346533
-8.050361824171885 -1.6288751789896878 4074.155637473409
-9.713776716559547 -1.6530813410873626 8718.34766065935
-11.337203035694355 -1.631305446968305 16267.116224044279
-12.503066613002757 -1.536776713330503 24128.737565092433
-13.227274220338014 -1.7191514812123663 30265.309608171392
-13.545937272774596 -1.6526335614175414 33306.21331344589
-13.461436654635634 -1.751913885131426 32478.81306903279
-12.924003767017188 -1.794161892021052 27569.13786811134
-11.906561377370624 -1.9036345797860332 19818.74796619348
-10.636788088727405 -2.0173010798292332 12579.731887439344
-9.047199341594983 -2.145856553663829 6541.620838970707
-7.345461927499745 -2.063354382286511 2808.57534238587
-5.612127594041666 -2.0113818218261788 934.0502170647256
-3.819490812740285 -2.0288336641199725 188.76377192131233
-2.0437038695401433 -2.110738275631568 14.546801011059173
-0.21123491137330896 -2.0649118658822823 5.176611599453449
1.7183229397951973 -2.100148083867759 8.223400439846037
3.787300106077719 -2.0845315183827497 182.3980559704575
5.8367028889053945 -2.1581159343571352 1098.090607359973
7.821531858302787 -2.3123269537946056 3626.5412322596167
9.81419758637429 -2.3954224908449553 9091.349585001766
11.849201477456532 -2.364494876161307 19438.947740960914
13.689258589233111 -2.435296075142058 34749.32519410185
14.99487202984289 -2.26699787621467 50112.25479948222
15.626916478531069 -2.1492867332465813 59151.1116938966
15.429787845643958 -2.1970008905132565 56210.97225588937
14.649104384746858 -2.0351543121352966 45627.50382943677
13.41079944525851 -2.0332951943026645 31991.292877447526
11.665431411622322 -1.976973250865503 18251.133500083393
9.66960730319061 -2.116615652085862 8560.971562137396
7.567348008049777 -2.2996129801741 3171.0109735246097
5.561512378892761 -2.32548213047538 901.2379049584747
3.6571319270205738 -2.3440987862139857 158.62586907650075
1.8455263503290664 -2.3283757759245454 11.210013411927786
0.11578141584073176 -2.5502763674700684 7.477278581008243
-1.5502798031546565 -2.622644793816713 8.84770596496898
-3.2501915525128133 -2.635770157516075 98.4125051970867
-4.8441005506955035 -2.623379984540029 511.57228246548954
-6.41687450725036 -2.7444485340432965 1621.6653471890193
-8.00584424370372 -2.7546982820344157 3988.3834116009352
-9.444691297848433 -2.5969879924708748 7786.37132218116
-10.761450069601196 -2.5334365305889333 13187.480603307646
-11.883574583846116 -2.6048879149439825 19668.25012238347
-12.652939084395857 -2.621215079884933 25318.68400835389
-13.106035430940022 -2.6220474366876303 29168.64121359154
-13.282473255072835 -2.4874507187260013 30779.80078840549
-13.038872880825235 -2.504880591247243 28571.40020454697
-12.358650950814086 -2.550900153409787 23030.39766441534
-11.348812421001337 -2.4998494909627627 16337.950151963216
-9.977013671747311 -2.468871506999509 9716.384947133321
-8.34699942792937 -2.5734463599401862 4722.521072367692
-6.690047279104111 -2.588992972114406 1921.3545321442434
-5.0177040033934395 -2.504872888756596 590.8188087927996
-3.2362169061208617 -2.5884864661783578 96.43988320872141
-1.5241619985713646 -2.562006399742789 8.314390482409195
0.338651844407172 -2.485645428398068 6.962215717950965
2.2886327921564735 -2.3549596484042405 23.505123297156324
4.186287609425589 -2.3991520393237344 278.8316860166454
6.125295749808838 -2.6871138694559678 1340.8760570855109
7.872823085144467 -2.4847650077407906 3724.8982914730336
9.412002667046446 -2.2121529139850438 7676.164966946022
10.786621289934786 -2.10632786158544 13310.33569376358
12.061602293213788 -2.119505581387478 20879.61283419808
13.033404866931718 -2.2284954934171153 28521.92232503293
13.639975504002576 -2.1189592512116042 34247.59713004686
13.747881920764808 -2.068888317066315 35349.88106453491
13.457897387051782 -2.115135361235762 32445.88777202431
12.604755349819513 -2.0292631905148704 24930.16729083574
11.374408350082277 -1.9161642486660024 16484.368259594157
9.782292352729012 -1.869176000494722 8970.304216473705
8.184917047757526 -1.849640647078345 4358.479675786566
6.514095677181175 -1.8785856505177825 1720.2592407403222
4.844132800795256 -1.8455813320411252 508.1103688876994
3.202608990051588 -1.8741859784189823 89.19914837836566
1.6184662099840685 -1.7978061739598132 5.854669868828246
0.14330348916976177 -1.7629003838132256 4.0671677060107925
-1.4129252829888126 -1.65715790873181 3.7389013103083686
-3.0667915490665845 -1.7968773951451045 73.87633033266867
-4.8574911376045 -1.9079728049807843 514.1843339376569
-6.659464559180657 -1.9255709302040929 1882.7975199926577
-8.372882802223092 -1.9271478941322573 4779.237924909029
-10.113930202781823 -1.9674829894962658 10263.856008270546
-11.76986738501683 -1.9960890315661588 18918.424279909563
-12.987299599134621 -2.0941259525813902 28117.597790829666
-13.962550892772692 -2.2317332091456117 37622.67990247564
-14.507187635268668 -2.1749861009806746 43877.590889933264
-14.40482433021382 -2.163592321729669 42646.50325833215
-13.722325682254302 -2.2331976854953197 35087.109586684426
-12.490652132615436 -1.9364623744431309 24033.83127156588
-10.912728360643385 -1.8233451894789947 13948.015372970429
-9.102928759145898 -1.9281147388437798 6705.319477087129
-7.129115768019112 -2.0500139953002012 2486.662594192746
-5.008542727695691 -2.023613198726258 584.206332919053
-2.9049168778889025 -1.9450938106482136 59.1152980213532
-0.6387224162084109 -1.9959811423497948 4.334444592988941
1.632170710309075 -2.090299742769818 7.138186540398254
3.945674464913954 -2.0860656517946685 216.58840372283933
6.345187402351038 -2.056561161428666 1545.687222762918
8.680590046493634 -1.8809000581743243 5531.8533886880095
10.755652927391742 -1.745535664567389 13155.482782325256
12.718154287175397 -1.8693733857811965 25844.522742829475
14.19098845736782 -1.9161139893326942 40157.48042551134
15.089086231169492 -1.913370625147505 51387.72062693395
15.159613253885684 -1.8164078612040055 52359.088275786395
14.500033603966212 -1.8655121155340384 43789.45047141141
13.202478752492766 -1.9446452884054788 30038.558984741983
11.482131984717954 -2.108862626392439 17123.38409601506
9.533471280414748 -2.2292151350750324 8084.655590060811
7.462022811529238 -2.1938673328417577 2994.910603392973
5.306397787865589 -2.3168823638500786 742.9171669583793
3.1429427510882006 -2.3884841878734697 84.52532343345376
0.9273248459210595 -2.254311728357106 5.101540589756994
-1.2823708025982705 -2.226445479184235 5.372407336745736
-3.493386658961751 -2.2205410657638596 130.454824507729
-5.672102321131156 -2.1794013627224333 976.4898050111613
-7.86589392615218 -2.2455238488780247 3710.477733312768
-9.887348104244845 -2.3209993591024958 9367.817396624861
-11.736837788388605 -2.358562395007428 18707.044635473216
-13.243175320761068 -2.226210773199677 30413.93072022203
-14.247525253965822 -2.3675586746479036 40806.36364687181
-14.67727408810853 -2.3779669714604137 45982.6094806624
-14.431567551649051 -2.3295358317507677 42966.33850098364
-13.66184701605207 -2.3357344889348317 34469.916693456784
-12.45757317590773 -2.2993287518816596 23780.19130856293
-11.016198770210874 -2.4462465061235608 14491.703793488816
-9.40495547040911 -2.304910376862194 7653.372598331043
-7.7294705837778315 -2.245933620039818 3455.9858176462076
-5.943236547791931 -2.3483650230423847 1183.5186664367698
-4.078763913788171 -2.359498033476312 250.06157976380507
-2.1339220128966274 -2.258612055252789 17.729565958986814
-0.25206421035626936 -2.0997782034297803 5.286032641136334
1.669158711292198 -2.118124112724093 7.676570115188456
3.7146249963878395 -1.9156880378373415 167.46989800846688
5.723647512005988 -1.8515828440500492 1012.1349053125143
7.544014291752135 -1.891049952061203 3129.7447702825434
9.35980794812433 -1.8830682977142192 7504.146018095389
11.071929262414661 -1.9824012717711208 14787.478666479852
12.527671124525838 -2.1304107002568027 24322.61561790108
13.536301957298747 -2.1878253862327113 33213.0954858138
14.061104891900966 -2.2117079492824425 38701.55335254637
13.954009310062311 -2.1824181430023337 37530.02235033867
13.204006225754522 -2.227298764917221 30053.72044565839
12.003289759929284 -2.019931133238589 20475.670364659294
10.475919269756211 -2.164442655563306 11830.134727029856
8.787311383552817 -2.023007725127108 5813.099465858223
6.981864389110928 -1.850240174891549 2283.144999675021
4.96607848929163 -1.746418353300227 562.9371715957577
2.80038498972037 -1.7864814326425558 50.00661587801131
0.6610683928185765 -1.8140106606598754 3.6075908182164067
-1.3736487842181577 -1.7165868986101278 3.7332816711533297
-3.5165156752070423 -1.7591897173159616 132.27803332839943
-5.605739819624786 -1.8782315207823128 929.1669357156663
-7.698723148157985 -1.9742337587982504 3399.329902619266
-9.678993034564396 -1.8016326891998515 8593.36697519334
-11.24033937947996 -1.8338026446457834 15714.789356926567
-12.427853723004452 -1.7437165329629485 23550.418180169545
-13.079716506016645 -1.59713512539342 28929.411597501563
-13.287439169841596 -1.399697222859394 30821.882224739278
-13.144378847683488 -1.2563081521507322 29508.12425263647
-12.592200979183307 -1.2217239419672608 24827.757177425232
-11.630987952531923 -1.1202402564251701 18032.341312988076
-10.41838106993545 -0.9261681909033781 11566.282393198544
-8.869963903613254 -0.9848665159088507 6034.571275486193
-7.168465509114145 -1.0728816820334617 2539.9905405126565
-5.473838090832034 -1.0688836559136934 839.9922882136327
-3.862414373464783 -1.0461304536348761 194.81192702572648
-2.3054657330464505 -1.039241708992253 19.700734844527556
-0.5440134293860384 -1.0994317857161389 1.7044357930980962
1.0247859894806601 -1.2002420051538056 1.4430995380759344
2.4579421576402822 -0.9488800501003322 26.31689041392152
4.0161988414907075 -0.9251724245555839 229.7683998834083
5.611635546858312 -0.8798467244131019 930.4418855505083
7.187447257867957 -0.9717353080392721 2567.31888380627
8.519724084325736 -1.1894803434838974 5125.927089360535
9.82876840016295 -1.3638711336047287 9142.116562533683
11.100339735912252 -1.1800374755537657 14938.520122727496
12.157550678131548 -1.1892017887473165 21553.42713841424
12.848074681584523 -1.2913335052846548 26921.624426315862
12.986427393305059 -1.2351709813190386 28107.141651525442
12.743853550601289 -1.3681738871746638 26053.705244893124
12.118143911627566 -1.2384039631047161 21273.58458513441
11.11922767619551 -1.2669294592835685 15041.493848905251
9.970287807741457 -1.0749193937134516 9685.022044917048
8.501487229581667 -1.1198530866598169 5081.420339123201
6.912708671311947 -0.9252918378996526 2189.743027969698
5.324614231236624 -1.0684119335009576 749.2469704784318
3.54073246228515 -1.2000790854212302 134.53762954628178
1.5851893553904077 -1.355679678602406 4.126507756430941
-0.1551025208325092 -1.1413863700149842 2.255227990958605
-1.956557604431037 -1.0455775182511773 9.09148184240437
-3.7878539723676696 -1.0650716380102627 179.299149286273
-5.554054600947693 -0.783247378885831 891.4880764598885
-7.280939874204767 -0.6987148029659238 2705.7452354196616
-8.828889546034295 -0.5827472468639133 5921.53292067069
-10.329692348179284 -0.5497930514085841 11173.330082169668
-11.710157670786458 -0.5483906023849404 18531.07667073315
-12.816908688201925 -0.5380859635852716 26658.410499386013
-13.346274882348954 -0.37817421062348966 31372.719003099657
-13.421796327953995 -0.5094903981504071 32093.053261977188
-12.969744175220825 -0.4713441930932819 27960.83224060278
-11.964899324085916 -0.522921623950801 20209.4023667797
-10.680750276819733 -0.5724640860148152 12787.058249369247
-9.206526335757935 -0.6372422879308133 7016.164981436364
-7.574758793242829 -0.43987039051149557 3178.5563198169334
-5.867645674852381 -0.44682845566539864 1117.7154652968343
-4.040406469213187 -0.4031934161979082 235.0146479217124
-2.1928799263006837 -0.4655065506999694 14.723062449414394
-0.4387388815854061 -0.5603729222902717 0.966087295066354
1.2154660333150353 -0.3645062541339402 0.3607351621844379
2.8210894562962676 -0.21753375009649906 48.46867947568963
4.519278028257957 -0.24156514121781933 377.3452308721658
6.28679093009291 -0.22720988153957783 1484.1301832270863
8.165936912675578 -0.1481772447962621 4314.21613380857
9.959896264810766 0.06430022553173753 9643.152534913967
11.754946389476947 0.025917841648329075 18818.014134260422
13.320971089679537 0.17221369995811692 31134.021916015015
14.505042984902614 0.09246093502408094 43846.80727395636
15.142127022530788 0.07381735414615422 52113.59502062167
15.12969568571139 0.08869787549909398 51941.92373142312
14.552696978838943 -0.20720723559677356 44428.66840953706
13.4946467034764 -0.3475807096429936 32799.319194312346
11.76116521025091 -0.49725226884469353 18858.404835607427
9.72523729946988 -0.4384546078425119 8757.45366028299
7.640948815112217 -0.33638546472394615 3293.0479497141105
5.420350040806079 -0.45226943132147757 805.639991178184
3.225618261221492 -0.5162039263075602 88.71321531680682
1.104297543718547 -0.6988895237674446 0.5366149927199526
-1.0282578299158804 -0.5710138525132391 0.32934173324682026
-3.1158242616789007 -0.6195617393469007 76.21940508853876
-5.208468045791976 -0.5869503463238003 683.0241783806674
-7.318691440919217 -0.4288986285871672 2763.078616664011
-9.426015857139403 -0.36569206853720904 7717.716687529582
-11.257452104838396 -0.6759798328755802 15808.547154692385
-12.889521703288505 -0.6671586576100992 27271.588650304504
-14.054046757922837 -0.49491981020308495 38618.87370667572
-14.65971579721741 -0.6441764140074928 45756.7339478338
-14.664586072911806 -0.6458236731478788 45817.85584394401
-14.045585251154336 -0.5932944502088606 38525.587839685424
-12.754117002697258 -0.4848340689684289 26136.615787970815
-11.104160624722628 -0.5298840288857255 14958.15370850366
-9.424245009616232 -0.5048988632728122 7711.973978249559
-7.66186130418645 -0.5027739277097797 3330.0180901712683
-5.78653211917102 -0.4924336488464986 1055.4497561765775
-3.848002829545776 -0.4900240977081909 190.87684581592856
-1.8594272908392369 -0.6738444847171594 6.493224452838473
0.1196550625387558 -0.6195391604366818 1.3553990893848957
2.0865855805243156 -0.6782690792860359 11.708287563299939
4.281762369169901 -0.5737341595864635 300.7790113150273
6.481523539877024 -0.5134823158490882 1682.0958536927349
8.380614212715216 -0.36555048159232173 4793.576561067853
10.20358333546584 -0.3675124196427326 10632.449113965089
11.812341501742885 -0.4111166828510082 19191.12105942706
13.140036434067298 -0.4211988959196103 29467.524405812375
13.96647634483206 -0.5541706662841563 37660.546064977556
14.39410481921555 -0.5500294875380254 42514.723190033634
14.167016438298921 -0.4656757913812378 39882.04616526156
13.300083867529237 -0.32238930056125326 30938.180819969264
11.893069718861636 -0.4932705105766182 19725.071490895683
10.256922909026603 -0.49542335229835865 10858.816504118466
8.44647685194068 -0.27674248954426195 4948.210185108425
6.487191765501158 -0.1817814246010867 1687.8999171760324
4.610449125999054 -0.14539253542712788 410.3364442499596
2.6603129191086197 -0.11321545572625452 36.94596552391039
0.7428745847015634 -0.03920374658750464 0.20236401947031935
-1.2225222537316376 0.031246075535195317 0.24556656451561473
-3.271584637422275 -0.10613089105137698 94.16463560550973
-5.516542886467468 -0.24455815119243757 866.3168790485192
-7.915764174565659 -0.3554958608871407 3801.9984244381753
-10.251425312694916 -0.29712487595427195 10835.174651809579
-12.53198447704801 -0.29770581541414937 24351.889291736323
-14.552845303053347 -0.32280442778807295 44430.5496029962
-15.872600520257254 -0.3794300897967824 62970.75016621224
-16.463285963801006 -0.23506668804701877 72921.54059115134
-16.193475059913915 -0.1273566018633699 68240.41571082616
-15.100572861010246 -0.1005748454092429 51541.40539235777
-13.237422196888874 -0.11391303029132305 30355.878129661047
-10.89315769414738 -0.0862548364538194 13844.091192882233
-8.48137978312296 -0.1468403767998936 5031.625973766179
-5.935388138290339 0.09494089984993476 1171.6219779665787
-3.270454181504304 0.3101705092259278 94.10611153151169
-0.4793993068433675 0.30898922324413114 0.6886458802453949
2.2302146934608245 0.2416430802726504 15.849935435851604
5.034481044419705 0.3125191395522762 592.8253543459524
7.766886263221316 0.358745812894948 3519.527635879604
10.27413822342214 0.3526444436803399 10932.482205296441
12.626253989211072 0.30750583049072716 25097.71646533268
14.451544121225615 0.24918294405455152 43200.49049704056
15.707949052252577 0.09065500270477655 60387.99040011616
16.248056800726925 0.1790205842623423 69168.69004340745
16.109792866009354 0.21158407847333344 66835.44075233345
15.044644616864211 0.2377103177305424 50778.77225497249
13.458570704294969 0.3066269611221049 32448.03688736852
11.469031544143625 0.41509645710773435 17040.52047187048
