1.0 0.0 0.0
1.0162474359543683 -0.02128824421367353 0.0015263316660334184
1.0470104150731683 0.21456564149813767 0.05529878316459136
1.1120012197240192 0.23256053477171323 0.11003874960720376
0.8840898083963498 0.19731931408520542 0.08662701195904302
1.0060520018547086 0.25558568569110945 0.06547143763757489
1.006997315803502 0.19165080830228737 0.03692725485635285
1.1369443844402365 0.17210668480633556 0.11526036325723202
1.2412649848804125 0.23157629198859087 0.34602598848688165
1.229632342650764 0.2629655308102416 0.33129046525985184
1.2266293466662699 0.2609985636600175 0.32276114461562216
1.289095144144882 0.39250022445907484 0.5919910496515586
1.458782243094661 0.6154513123149121 1.651267267437761
1.5080086707189961 0.654936449497292 2.052247465662756
1.6290695471664802 0.6292285562940125 3.1312065796715913
1.6310761039823893 0.6937729940601618 3.2382798679599474
1.529316341269964 0.6458166633506657 2.20948728649107
1.5611392978806697 0.6092998656903437 2.4366634284686293
1.600823187090485 0.7249980229663123 2.9674498900171162
1.460127411354572 0.6249738575432194 1.6719530613219449
1.4768898822318364 0.6615370023043847 1.832873443573406
1.3596740892596277 0.5449603111219128 1.017296564755228
1.4119231877097114 0.4607449396093252 1.199381973950165
1.4758763174235938 0.5011408810391249 1.6393231177350955
1.5349866952194062 0.41487609445591195 2.0113576346694826
1.4971350570622268 0.4196556756234915 1.7172180638535446
1.4244589269644423 0.22549366598347756 1.1098596971513528
1.3618191458044402 0.14640996796510916 0.7516939498281784
1.3411607022057404 0.13525404165967683 0.6562345612798026
1.2971369893157243 0.049941772755555336 0.46838829856404113
1.4179227054952057 -0.03493713055347134 1.022340551405962
1.3578290587704225 0.11955821277476489 0.7261234391864873
1.2849670823396546 0.10488356568301256 0.434984386374123
1.2452920276551136 0.12047858861119143 0.3178431137254708
1.3128243587893733 0.05447034550463015 0.5264305509036524
1.2035373547208017 0.04538597174753855 0.20321407773103753
1.0945445444365856 0.14565433362441998 0.060430178537511356
1.0413238581499902 0.10537654323303776 0.018220045585749
1.2177233269906562 0.15930586918560224 0.2585225800865494
1.2450503628540837 0.1494589916184034 0.32500345944496156
1.2577314153126167 0.21161906985829063 0.383376639608479
1.09396504237393 0.1142904005474074 0.0517766019816943
1.1155942850515106 0.13404145505093074 0.07777211195598534
1.1115410396068137 0.13078909318564938 0.0725770978136855
1.0065229739505914 -0.10122796641398954 0.01041840994039571
0.934278366712123 0.03944095111474427 0.017716083091753362
0.9251930606941019 0.005264615385463092 0.02076884301973485
0.6627269880408455 0.05688705008267769 0.317724857260864
0.6944549179301357 -0.04341782055453571 0.26993191094245245
0.6844114496224906 0.06462992711895552 0.28675535262121443
0.5909350728100002 0.2632585449668511 0.492840156339722
0.5365029315172763 0.1909494722752742 0.5436401248269154
0.6478537865470855 0.12823401988516275 0.35317519200740666
0.6201519630269675 -0.027361886310354883 0.3794800397770714
0.6786426762657577 -0.05990425175872423 0.2945884757705432
0.7525005903837051 -0.26447270676538087 0.2580786825018778
0.6629196147650107 -0.2853123949910545 0.3956055462154623
0.47899021264081 -0.38732164737051245 0.7437936809125457
0.4848166045823933 -0.4676582416272554 0.8038571088635184
0.6161793214888358 -0.436878798723401 0.5756637634055308
0.7563329397103772 -0.4478911553658934 0.3837566631850392
0.8167468798586466 -0.379546882646267 0.25489458162619616
0.9149836675302977 -0.287692635307505 0.10927248401662464
0.8090106678133676 -0.345544813831776 0.23877267026970286
0.7556501559015234 -0.37422985550432275 0.3240828431402158
0.6876464328784028 -0.20760062705321655 0.32097711267639406
0.7479689275099053 -0.4655169229169805 0.4107836852725399
0.8342663831611449 -0.43903352822623787 0.2851661968786881
0.8617944216487882 -0.3053874078630109 0.15947009786874056
0.9822419564657681 -0.366037611030943 0.13522262471245033
0.9506233014131986 -0.35906532736223207 0.13820455380388413
1.0227003742946703 -0.36090950111227804 0.13236395215336486
0.981592738556739 -0.31440943737747223 0.10018377068244762
1.0722959388871054 -0.29200435697746685 0.10771215157297301
1.055529493499493 -0.13730489811102012 0.03188114801043078
0.955517056136854 -0.29698573852175725 0.09576729409538799
0.8843658074752385 -0.316636060394877 0.14773754902291694
0.9586256246333873 -0.293169146556124 0.09251512956591902
1.019711485864272 -0.416930528136244 0.17541602197106915
1.0646240738449335 -0.3492001721071552 0.13974283568113205
1.0881887157516392 -0.29618591376217523 0.12163904207820034
1.012308622512788 -0.29316688472728397 0.08656031313923868
1.0353255999930449 -0.20948031138042922 0.049051481149393
1.1614267845834718 -0.36120631477891507 0.2522097083608645
1.1826507482964812 -0.22517311715342048 0.20963495476961144
1.2270565746143325 -0.2144947389804792 0.30170795473427037
1.16636914995762 -0.30748645190211565 0.22444832764778555
1.2274926102968657 -0.2773693407847967 0.3337172616447185
1.1148027506879614 -0.3518370206393424 0.1827339292925764
1.1932322757920084 -0.32970092528315337 0.2883119067026502
1.1671537250097228 -0.19681778357912602 0.1699607214368115
1.1861323116514193 -0.2677629876996612 0.23727265235217584
1.0417722692364282 -0.21637096652993004 0.05409068730624058
0.9489273385204102 -0.3631977732740726 0.14182021820881846
0.9312133367736276 -0.3195363550305536 0.11975040513469293
1.0185254064408478 -0.38405282560866943 0.14889488436065923
1.1030186480434947 -0.433306312936913 0.23469164309680607
1.2648774788876909 -0.3929888616524685 0.51433829651842
1.1633843190126691 -0.551561562841504 0.42915630209098454
1.109646854594033 -0.543511465250519 0.34891187036709276
1.011422881839781 -0.524121030643024 0.27523076263838053
0.9949501493143719 -0.781105976018375 0.6102280352849007
1.136194737385701 -0.8141583006027496 0.7474989383199563
1.141164079741534 -0.9945968513667031 1.0805812579697582
1.2560142116516264 -0.9912711658127239 1.3162075926634278
1.273694130337584 -0.9902843468944623 1.367916317402008
1.1486129645813614 -0.9723469721558535 1.0474186230979798
1.1910928312288145 -0.9354303841401697 1.0503414794203267
1.090480814943584 -1.1493538585931842 1.3567914124211933
1.0516743494699725 -1.3196077363130523 1.7526045928104959
1.1411616849483113 -1.3768235924871304 1.9869982620059823
1.2330173128192479 -1.508753549173367 2.5470823436244294
1.1714852895436005 -1.5198630308806398 2.448648846369234
1.4004302139789817 -1.59494776775112 3.4677730190717253
1.3589684240193112 -1.691088868125126 3.5768436325026958
1.1096373399302637 -1.6304938380116247 2.712007544923708
1.176214457008921 -1.621070727126347 2.7749275570166883
0.8971905855170074 -1.496428328085749 2.2773418742749962
0.822724867384771 -1.5516019673751398 2.5118776504980245
0.9185846309657227 -1.582419258534087 2.528449860730163
0.9568244940550168 -1.7061647358604808 2.918136140066205
1.0298168044081208 -1.7295583817581455 2.99503518715051
1.0299196681041747 -1.7778117852516702 3.1643034260331353
0.9674591552800496 -1.639385476678866 2.6916836578713474
0.8990725569669137 -1.5848325953590356 2.5484311835066187
0.9758995484261674 -1.5691415187065838 2.4644727769271935
0.9088803439184073 -1.6400131453764137 2.7198970301497805
0.7289312706901041 -1.7022824745510643 3.1174070713548394
0.5517738794980971 -1.5110825114736162 2.7671540185514205
0.4304206344352047 -1.4327012886139414 2.7164311172468745
0.43727277628824823 -1.5422942937790014 3.032817027603163
0.46441486305520374 -1.6933240376448266 3.4825023313598353
0.5657386930301549 -1.6304142624120026 3.1205687051524054
0.6245890373932024 -1.576475152454991 2.857237930661818
0.4891309784242882 -1.5170108380966174 2.8800637933697666
0.5566767838418208 -1.558311357993327 2.9045874232602653
0.7626635941472681 -1.7461482591357005 3.2240456478330457
0.8541960470815508 -1.617784257751417 2.6903145476094315
0.9311899546828374 -1.659887417747205 2.7728847341260554
1.0039480662283171 -1.7115092588750878 2.9293265385235037
0.9789830257324029 -1.668181073611924 2.784558008396597
1.0729074699479664 -1.5570984496678053 2.447395991571418
1.0375829573804138 -1.7911342244773354 3.2140260604368396
0.9210742048981692 -1.8261625433787534 3.3578589594476416
0.8883994563667839 -1.8861731990243416 3.6020633843289516
0.9160789581016678 -1.8852878770091905 3.5801668077537663
0.8517655538107389 -2.0236805110783833 4.1706305582357235
0.8879908936596325 -2.1791602199807834 4.793459744205961
0.812817898226942 -2.0143560101704203 4.172772992291038
0.9010314562047935 -1.9072943613513595 3.67316931150971
0.8900158462535985 -1.7653713353827991 3.1597466342898515
0.915572858108292 -1.7850251736120446 3.2124702799622007
0.7264100003069771 -1.882449211002962 3.766709254738042
0.7871999095943742 -1.9166067789646257 3.8180220349946277
0.7131427567641329 -2.0099288757608 4.281314983417382
0.6294224444009554 -2.0119198006977923 4.412428797108336
0.5827138033665127 -2.179971295733142 5.188461950753668
0.5928343302749213 -2.1383622447254425 4.993206893450575
0.4613331166662041 -2.1467386965336526 5.228126403800077
0.30999434824690497 -1.9992843371749343 4.8141794055158815
0.1955684324346233 -1.9963473335061925 4.91037148637636
0.26308876184821806 -1.9492103959375133 4.665780587066543
0.2857712824524253 -1.7339645693358026 3.8499718850800213
0.185996031312634 -1.5416158930915813 3.3085872955719955
0.2787508755907593 -1.4429945240233055 2.9328667037500837
0.29346758741040246 -1.2617969723647424 2.4273023596082353
0.42715427105696746 -1.4474072294547096 2.7633580783702385
0.6285980613852155 -1.5075371885464703 2.638529410656546
0.5845053887973414 -1.5365768717821058 2.7944977486373137
0.4941440767916767 -1.423960948895505 2.598931122428767
0.5259207447482016 -1.4713923303428496 2.6883136131143734
0.4135476785384384 -1.3794634826514534 2.590124550979131
0.4314830233598203 -1.2741960313574745 2.2858824259677952
0.5452349276751454 -1.325642185732357 2.2511410199674584
0.6192525877630022 -1.3873380706858636 2.304811517795222
0.6068227198927506 -1.6111466197621707 2.9949219449299274
0.6206574510057591 -1.6207358605948252 3.0047445004008115
0.5392101761900583 -1.489556177946916 2.72181655415486
0.5931747494818254 -1.3931884025797536 2.3610642024211974
0.5559259081731119 -1.4020730892063067 2.4432158538985917
0.472139951719694 -1.4488932822348728 2.703151078087501
0.5198801070136094 -1.5829280204089544 3.038159218124051
0.4535070145490542 -1.6379188012596355 3.3137403530922738
0.4279007720458225 -1.433824479817285 2.7231797671860654
0.5263685359421072 -1.4450509456544596 2.6108089332910906
0.4882337377949908 -1.365502849922811 2.4446749652000848
0.6242196828085012 -1.3102532434715068 2.089290425244199
0.7737836362379052 -1.3497495862575457 1.9828326378244288
0.6871952297819005 -1.4377171814122351 2.345564178301801
0.5773387058888158 -1.5410642417831193 2.819341244613249
0.7084175609688153 -1.4126438362114966 2.243710609957479
0.78183479022277 -1.6057230965229035 2.7294610659716003
0.8338203538478898 -1.6008998186138041 2.6557489016501705
0.8630435114574608 -1.7078738866492238 2.981937744641203
0.8717092233423279 -1.8039735956930403 3.3119798034652024
0.880049906038631 -1.6992144513991472 2.9381854874511504
0.9263374514819172 -1.709922054930878 2.9439687391338776
0.9474165517766503 -1.5254577242358713 2.3375074129299507
0.9812778588284151 -1.3990232066626185 1.9586418800914118
1.1377590798986823 -1.2950736525179187 1.7639434968367147
1.062906753212788 -1.1233757742481627 1.2788135818824653
1.0125718964697028 -1.1345708307087443 1.2878911532818609
0.9616060925460314 -0.979583243366851 0.9652554875238539
0.9914674341916019 -0.8107861455378083 0.6576629129708076
0.823748634660076 -0.8047993682979895 0.7510245312076126
0.8755356227217573 -0.8868209294728724 0.8409443682254472
0.8811199054990723 -0.9194460123463524 0.8953903232535855
0.8687501686052767 -0.7577290234384888 0.6343121883976588
0.8164844647690953 -0.8438364303941965 0.8231842230679223
0.6097972942825041 -0.8245418919412004 1.0744383116679341
0.585153394842168 -0.7892945272818976 1.0554176983419266
0.5153252524967677 -0.6581516906156005 0.9725655912744904
0.41371395668363686 -0.5798866194604695 1.0232455002569092
0.4442610103549095 -0.4592066254485376 0.8550891005795807
0.3041724024591412 -0.4659491678887562 1.0406270339827195
0.4621437309476209 -0.39639220188715374 0.7755881830902598
0.5142718498651325 -0.5638935836148055 0.8589722114262455
0.47765966628514284 -0.5463443009569233 0.8942309998993705
0.4836520146649067 -0.6200314558303185 0.9713186891207926
0.4724914113433798 -0.7381458006976496 1.1482026847432292
0.3423697934040256 -0.9232202671799592 1.63164135363446
0.43963960870701113 -0.9071588766988197 1.4737295689861796
0.5610428401318657 -0.9002953975059398 1.2800732323051276
0.5101615909292803 -0.8156633819547596 1.2125148464947428
0.7157149679488106 -0.9406651248394794 1.1227529731736283
0.7432789518507504 -1.0495207903258033 1.301782718414446
0.8346923393753894 -1.0254893911264353 1.143612526004094
0.7757953144414296 -1.123587981444155 1.420966709657049
0.6865938839515563 -0.8689028937576389 1.0343983989886563
0.7853445395365289 -0.8836674187006308 0.9277363705402537
0.702893356576057 -0.8975186843483406 1.061516012676345
0.6324098779025533 -1.056573662496767 1.476417203214004
0.598209035908741 -1.0238706907171287 1.460662611585346
0.49599038225639064 -1.0494693379300033 1.6698921506863744
0.5004499842064033 -1.2053873938754864 2.0147836919437108
0.5325691964913345 -1.2418366685539501 2.0553443612612363
0.5957462278072838 -1.183242330609636 1.8161989177658984
0.7160806474080068 -1.1691130589940955 1.6042169621668387
0.8475898518997357 -1.0680615847133554 1.2200492894867754
0.8110653521692959 -0.9105386822417407 0.9461630500308057
0.7864121817184044 -0.8557146870229199 0.8778325154888159
0.9631726390605282 -0.7827625103510213 0.6179442159943863
0.9058565856267395 -0.6769978185733154 0.4905189629657402
0.806550715193899 -0.6963909914468261 0.6070938482773202
0.7594600163807603 -0.6464856673903056 0.5970592958110901
0.6742866580367325 -0.9048970035280381 1.1162315789472415
0.5801620539630529 -0.9317677400674846 1.308306591420627
0.5434370208235991 -0.9605663834848887 1.419256330126533
0.4944184339636879 -0.9325669096221263 1.440537466232616
0.4054142411211997 -0.9860694001637014 1.6706258901053879
0.24387060444845018 -0.7794438839877698 1.492124047327751
0.2224653493144487 -0.6996548928113244 1.3929846481605996
0.14901209217791628 -0.7013084904119485 1.4479174359151163
0.15175174466468025 -0.6402750871996212 1.3644253193208407
0.1910321421838984 -0.5738774208171943 1.257680494866582
0.3088226784069931 -0.8576144888918908 1.55385543100572
0.28110178219568377 -0.8068758408633616 1.4992560764821201
0.0917395746618204 -0.8417007345641632 1.6916986590209901
0.09809847821920513 -1.067545913267392 2.12050026219892
0.03986456164084076 -1.0581206089101993 2.116443381954339
0.12398283473819877 -1.1569636387432323 2.3080576652469214
0.13723124808995987 -1.0956874014526392 2.1632207106691497
0.15775517991970778 -1.0029215487213383 1.9566975869838013
0.1657765231895384 -0.8232781972944125 1.623578531248177
0.27501393048644296 -0.7827718893497287 1.4671868063883378
0.1266883282486717 -0.680890291133723 1.4317693238649978
0.05242986233648492 -0.7006674013748881 1.4854445828189795
0.13151616676585826 -0.832546533471838 1.6588398951400185
0.04343086181105077 -1.0165817109832342 2.0296694534907225
0.023981264340334936 -0.86601240283719 1.748827610530327
0.10128718798002352 -0.6049016891577634 1.3454931136670258
0.1725097244213995 -0.3637301589287565 1.0736660525653872
0.16393484623222043 -0.1318255603422367 0.9643509566835587
0.19997181351593019 -0.10603187517287041 0.9328644043741419
0.18466692299826137 -0.15483597903025348 0.9569333732075374
0.1373750735572785 -0.18099560056469263 0.9953717347725975
0.2786702847356162 -0.015700086811548775 0.8509628670028799
0.2825721835153403 -0.09215057027557162 0.8551731994294183
0.36316320745044695 -0.02280855246464683 0.7541395162518235
0.3116083166630201 -0.023110155724714365 0.8157629533637982
0.29520840481741456 -0.039106790175470314 0.8348281107886392
0.30910748938834764 -0.07626623594746973 0.8238509720434433
0.17184511729123622 -0.05836813835175765 0.9452174157620601
0.12015305807565066 -0.0915966101627701 0.9797248442266631
0.23224513908466432 0.090528384005572 0.9032290658218876
0.2145216993789881 0.09431672222766836 0.9189743249398568
0.20666964683796238 0.2281718069951814 0.9684620318972585
0.3180751173747787 0.3592975902546872 0.9369869269045176
0.3282622214077912 0.2537152170107393 0.8604706134064615
0.47555767650179026 0.14298601241254943 0.6192809233064915
0.5082608680874687 0.02144694297593573 0.5505356803933478
0.7438642617707212 0.04195746996125873 0.20127090916213947
0.7909731665544834 0.08869923497015042 0.14801404937373983
0.9084836776584091 0.16214787926055546 0.05679714471825404
0.8643949788298946 0.28024901700484595 0.1424581316687949
0.8948786944916266 0.29659540333536005 0.1276463348042784
0.905849035823444 0.4173520131363302 0.2063805279950484
1.0890915839817739 0.46390684534004456 0.24985039359594646
1.177499129388188 0.5094969485449803 0.408972636970068
0.8868619665700219 0.4948420469064327 0.29044059088107516
0.9012417497669677 0.5000079337690745 0.28526299384223863
0.7104320451169198 0.44118830173549733 0.43995564573953183
0.4709937549791736 0.5019231074370368 0.8574673905566611
0.3617251985910586 0.48968831217379977 0.9952248497316598
0.3999560866108385 0.648489556261082 1.1261977221690715
0.4570369437483381 0.6760526183627598 1.082913617640297
0.4677749579142102 0.7061391973052317 1.1088850524111744
0.6411279999409523 0.6419836400521959 0.7590108538306273
0.6437408693980645 0.726215812347372 0.8703140642283054
0.565702508918478 0.8290541019128617 1.1497044173806779
0.5677311741876824 0.7519630404205289 1.0247003773073693
0.8145072400371525 0.8852106119921985 0.896882547999641
0.6719425017984472 0.7376499331955371 0.8449722958703133
0.7138829732664971 0.7272252161333046 0.7693203311662801
0.7605512646351879 0.8017942182669313 0.8205882976278008
0.8649568366939071 0.7806479530670122 0.6728394832374883
0.7913706111091345 0.733936379434855 0.6783386323771254
1.0196625829960904 0.6203999314197425 0.3864731006275474
1.1353384471333272 0.7069156591599752 0.5832469283628888
1.0937721560919331 0.6415282164264435 0.45010687793868037
1.1814108745809642 0.6316709003001656 0.5556116687211887
1.2629967173916263 0.5723344267828021 0.6817829645969137
1.2744202747039337 0.7249326892452007 0.915086927203443
1.2347292363209328 0.7419358085320695 0.825628042240297
1.2014453154738105 0.5699012575343573 0.5214538346567993
1.298912003242845 0.6388301081262276 0.880309803606927
1.176278456989333 0.7454153686284658 0.7028168223760235
1.1709218041170122 0.8194824280152941 0.8092353937215615
1.1366659453190948 0.6396637771548888 0.4944392791026841
1.138858639111206 0.7972720551186242 0.7238511358017424
1.1570941389094942 0.7113904619736209 0.6209071289074711
1.0997592386630155 0.6863774311908579 0.5149918194126568
0.9985179008172108 0.6720529087485744 0.4516638856117724
1.169843120938269 0.665817708911554 0.5791297402305144
1.2541805794407574 0.8425418085102349 1.0381700890732222
1.4911471275508994 1.0388965125133298 2.5763065570427295
1.533871563616594 1.0475487551147293 2.9273233517543424
1.4911752306139223 1.0581111481159828 2.616804894359933
1.5771585918091011 1.0054588732504142 3.223393241366144
1.5944102204571704 0.9226320102594039 3.229457792264331
1.6935367343565937 0.9970134784313254 4.483708962037072
1.6341255037666897 0.9612300760302515 3.7140863744226413
1.7596100313606617 1.0553417228496371 5.507915726379983
1.804142248096394 1.080563463949815 6.252323328290653
1.9210127536356165 1.0532986754064604 8.347098381725921
1.9892447443738424 1.0776675252910926 9.90577608198031
1.8720944950243519 0.8715949009684938 7.03338910962943
1.9232705655829685 1.016007708463278 8.31670893480422
1.84371771767223 1.0275185536806175 6.8124109829520245
1.9265705962741522 1.1806314790526447 8.747067994845244
1.8075250183330636 1.260296384214654 6.728301098657379
1.9718718902020616 1.1123442049584649 9.579463775914645
2.0331221648695665 1.0079230379717605 10.83526842338339
1.9853244316678584 0.9094621030611219 9.479620628359427
2.039100556736309 0.8327269463277451 10.665962876216598
2.215417367589529 0.7792704299802278 15.880305672751208
2.3861115672079016 0.8092671694229829 22.684122297903432
2.482768587919787 0.7548913650117104 27.238201478603408
2.5029567890666606 0.7114381282867014 28.224186257312745
2.3981514316589934 0.7420608365301238 23.123893309762146
2.50256098406461 0.9010383157147916 28.509054709484865
2.473415291004767 0.9797101033489964 27.15153678698672
2.472255394573037 0.875838560449668 26.900115014972616
2.2879263712569533 0.8368841646773639 18.632272229555422
2.2551105129436597 0.8261741647342412 17.37406541151093
2.296380279866382 0.8426964505138775 18.971763421917178
2.278654305150205 1.0525482682227085 18.682947396308546
2.296408332886023 1.1366274413020627 19.554649244732236
2.3299008530529632 1.274521581648233 21.235468249582155
2.394022770704908 1.2451342939125123 23.935985171116812
2.5874361821426293 1.2977253872818673 34.11513431303984
2.6001440168531715 1.1846863790910138 34.58970980217456
2.321747066879575 1.3167540899859083 21.01041449873747
2.3503427832709836 1.3462143078431779 22.279875102418764
2.309231338776242 1.3482615254943708 20.588793236487824
2.2167604513835966 1.2378566656271348 16.851895689311565
2.226723205754922 1.2515472060496988 17.234479493361842
2.208516088032692 1.2735213597647779 16.657198783227475
2.2702112400667462 1.3984154100876989 19.21011087018771
2.2367671612441655 1.4585890303953035 18.15251040876735
2.0494938701411964 1.5499605307010305 12.645098619437793
1.9512392568116714 1.5262257050224837 10.210492668584633
1.8949280992241178 1.5484350194787868 9.109649532173252
1.7817647410990765 1.5311967163408766 7.073820810898868
1.6308322636908148 1.615151593430607 5.363032874875126
1.472009410668628 1.737813433615222 4.3814450852048985
1.5087338809910618 1.5180160154379845 3.9332579615234664
1.4693122995587171 1.2893886112768365 3.0055226783850335
1.5181433366456332 1.3681884690288906 3.5743362322427954
1.5455761052928043 1.3030840599529414 3.626808776501021
1.5419420268544948 1.115068578286955 3.1411189566106543
1.4378224737104393 1.1504627316352531 2.4627652243262848
1.4489080079675707 1.2717562528412263 2.825900123859032
1.296597024904589 1.2209954865842139 1.9548141619825319
1.2415081759767204 1.0451058044798456 1.3852979000991055
1.4238815667186064 1.0223826512746894 2.10089660084751
1.365595509189181 1.0301495938033507 1.8091756016475407
1.3345377606119986 1.0977040151987383 1.8149011009517
1.4451741690134818 1.055349632537384 2.298656878314496
1.6236231894363609 0.90282681333934 3.492090476961402
1.637545396452512 0.9199876339072269 3.6740042138232076
1.620087732284712 0.9589433316664612 3.559171259012249
1.6881791907770738 1.0031341178016382 4.4285892875398165
1.6061890433191992 0.9917505743850841 3.479473873862455
1.4551001736400238 1.0153896529086712 2.27941234265697
1.320408432918926 1.2193042253567632 2.03946296943685
1.2402600242447543 1.0152378109854667 1.320415415091968
1.2845322564942543 1.1475750874289008 1.739458635188377
1.2047570502343754 1.136919376813908 1.4963833367598751
1.1579410877819927 0.9945917867649894 1.1053762498466648
1.03647239685026 0.9952904364698035 0.9961198329254541
1.0339629976778315 0.9526634731197905 0.9123396676520582
1.1985765162179627 0.8431507353051239 0.9015102055291838
1.2953911106721607 1.0176923380887215 1.4954334002074194
1.4685728910575109 1.0674005623467144 2.4773135090480443
1.400013065927267 1.096785283361793 2.1246082018902204
1.3442823274381723 1.1092493828335965 1.881836493379349
1.5023299603776414 1.152309380832952 2.9078541181362088
1.3848488259694618 1.0545083391645065 1.954356188067091
1.3682417340983495 0.9717734120046383 1.7048765840468623
1.3873367074034846 0.9052196592156361 1.674498528018417
1.5922964911947344 0.8694046833219917 3.11334258566494
1.6346783581488782 0.900282001636351 3.606671343418683
1.5819366709367362 0.747517150342647 2.816359151332291
1.6167487796184905 0.8168056053237556 3.2717691298441713
1.6071494777989905 0.6555922221103586 2.93546678634072
1.6156418570794355 0.6810087993747602 3.056834599311613
1.6508188027444626 0.47595971431168976 3.202862072999438
1.5374806539751216 0.4833957762718587 2.0937494649562676
1.6605308965792311 0.5496549426856829 3.3904447724337956
1.679632554359172 0.6207463168952237 3.7019698326641524
1.6223496647617102 0.7722963878704028 3.259925882089454
1.5891102651182554 0.7327306506921112 2.863347155988329
1.5099787025806888 0.614121082341309 2.0156360516022698
1.425968366247611 0.6499694824080083 1.4903465015484585
1.4028006289348847 0.5770538431372783 1.2697239948879457
1.387154884385046 0.650157371946574 1.276847795976586
1.4424864890219264 0.7717155689309261 1.7636028134185242
1.3524295357072378 0.7433002007645515 1.2398450388967837
1.1762838270690417 0.8429124767031752 0.857683887294009
1.2320056256655518 0.873285708980779 1.0307839804906436
1.230727889964722 0.8587371750636338 1.0023365045424302
1.4060820344075236 0.7670029085512978 1.5429527735163258
1.4052125443475902 0.7786662997451282 1.5562098238640596
1.238471238260089 0.8263398756380499 0.9677917823287916
1.4027512950769132 0.9804901285906659 1.8978258508177404
1.5689282908155027 1.0761213399216725 3.294124564100727
1.390139157926576 0.9306018761655916 1.7355516303126062
1.5108144721740207 1.046046969181959 2.73917536271186
1.5815520255831184 1.10553652338379 3.4761331411651106
1.683831659171969 1.0578624431573334 4.4873588692938835
1.7441672310785157 0.9891240285945052 5.148617701772371
1.7148464125542842 0.9874104881870465 4.741289048054222
1.7107318077913145 0.9381484361380733 4.591922833884944
1.6841443735214903 0.9560988612129341 4.286277968174963
1.6710464933473448 0.8703204767752765 3.9701425258293623
1.5721478886145208 0.9982656351018458 3.162285009377234
1.642988869464328 0.917232045965642 3.7293172170149624
1.7126294979651908 0.918085834009048 4.579756424931329
1.6807584110517475 0.919348027268189 4.175639050431995
1.548283145002892 0.9526351593150484 2.8596276471121786
1.6815792488536965 1.0090665208147866 4.3587345920051925
1.590080281966147 0.9492273639324686 3.236902520944562
1.6155458059425365 0.8959818490592512 3.394845642518905
1.4540808941347165 1.0680292321139735 2.382465141644209
1.383185953788564 1.1081864738940215 2.0620176792022815
1.2404313230906538 1.1148288121385532 1.53300850631603
1.361861787316673 1.265948153083032 2.3330813092903853
1.5280630746538173 1.1930666522048774 3.205570986665122
1.556977211667882 1.2903956350623818 3.693403977921461
1.6984396867361722 1.4424175340208152 5.632652516977281
1.7017484295318237 1.469121917204313 5.752936954777541
1.7723057035116991 1.5468710370409284 6.976980073483055
1.7536504015980423 1.607416763343635 6.89061611877584
1.5616531520655683 1.5611895975826964 4.507344929779915
1.489421491804277 1.426773159488194 3.5201226525833067
1.5096213539175678 1.552321001502053 4.045430558762706
1.7104444208291099 1.5310890012116183 6.052246363645871
1.935283403433253 1.5827555569301952 10.041907221888899
1.738574688143344 1.4185244507191501 6.10329206002908
1.689034605512836 1.6904649790606658 6.29068012399279
1.7121487717833506 1.8129938232882101 7.017458904237612
1.7485683426404122 1.710932479084987 7.160560187223121
1.848297575469587 1.7783689579963027 9.000637569967267
1.693695421953874 1.765905119032821 6.610102479712933
1.8002380211307403 1.8249982879638464 8.352058544011427
1.7925547279303244 1.6087016987997538 7.486407574773384
1.6296497427020977 1.6061811345806523 5.321353331749881
1.5378304627696995 1.6744422994271564 4.666770533079497
1.5562598580552416 1.6783057823027694 4.838637159002417
1.6196989163958424 1.5574439691145 5.061139083145082
1.7645410785293256 1.6156286542543281 7.077582965232741
1.698127799782289 1.6011216350359716 6.1116826971210765
1.7715644814105533 1.6480333953459225 7.28894275003961
1.678988149302072 1.7031797445637933 6.209586627891188
1.7618740922632465 1.7700851988562982 7.560860585224389
1.879871225905544 1.659488360178867 9.17463103075963
1.7630202032005384 1.5444382100243046 6.82996628103886
1.7651502810956923 1.4343229572810041 6.533703744410829
1.8538064255026763 1.4214867619043465 7.95763571066917
1.8448631451634876 1.4327906917056572 7.8297976738461035
1.8002101101744887 1.576422746911731 7.506098103852885
1.7104839103807397 1.5973702217165178 6.260124745100142
1.6586795221611488 1.591683778715766 5.6002208846881665
1.7029224119036803 1.439409028688114 5.681688370585042
1.6029184145165731 1.5558316617654653 4.883463558474208
1.908774521604434 1.44954620934543 9.088854431062654
2.0140590859493557 1.5014227090591272 11.5960589579967
2.040211246925095 1.4909636531369181 12.22413808682834
1.8945633714601122 1.4446092161807398 8.791734692627816
1.8807774272074005 1.5532918877979383 8.850727403036162
1.911317460296154 1.6347193537503109 9.711429690577125
1.9634600510582503 1.799005126761947 11.38844585157166
2.0748358358680403 1.761963904904532 14.027169965103697
2.2533097739829184 1.7746904001967603 19.774757041119695
2.2982940869605932 1.9023474509194171 21.955783350058603
2.3516319190373576 1.9215392753846439 24.214777721341083
2.0813811130223554 1.750485270402203 14.16740456167759
2.0573852490887994 1.68628188647591 13.294762680637245
2.102365213194192 1.6895025550836704 14.550404996495326
2.146443162644106 1.5527737558691905 15.423129843379586
2.2368981252653954 1.4774276254738952 18.21251195906384
2.1807327101492993 1.3274348205431725 15.866578156892174
2.366027238899426 1.3564141198852346 22.982243968219553
2.3924274532892604 1.4047666752019872 24.286797255063842
2.3762932960118217 1.4212698221639017 23.61247774803839
2.4275660051754824 1.5178977500217574 26.24621326441246
2.3531618765102205 1.4724994197106624 22.755988472565974
2.2908490761902693 1.4433275645929886 20.128609164860247
2.265011579462981 1.3881510075879675 18.986155075986286
2.171731252890865 1.277241312785223 15.443097974376572
2.159025778641901 1.3745176469688534 15.295092430354591
2.3542888597241505 1.4007602078126913 22.59803471894775
2.3498938019445186 1.3522238107071267 22.27700119673782
2.452189773391763 1.1974588513685873 26.566429704872252
2.4280113703811073 1.0904312301617627 25.1524072368482
2.315371631079614 1.1270711452838647 20.288137549922364
2.2678037825937407 1.1232958275244818 18.42569561421731
2.4604574226599443 1.1520777725253615 26.868690382155087
2.414178222545195 1.0415189421542677 24.39682244213539
2.2603829898461067 0.9941575844005487 17.874952713491112
2.2615680413359627 1.1396282533842637 18.229426398031862
2.126861594890791 1.2904936273811045 14.080709652140213
1.9966843466321555 1.533563416721182 11.27248263905116
1.982662008804175 1.423469305955328 10.616724802087669
1.8410771976435323 1.4334040998979982 7.764669386538525
1.850202968110011 1.4848101260851523 8.07680663197985
1.8321395450083247 1.3998621195613612 7.513815286417288
1.8541396194954944 1.4494941852290957 8.04406668122935
1.7951870741259153 1.4444433829169734 7.026797000394881
1.7371180096190002 1.4260918382564627 6.104362869027135
1.8526268689301457 1.1838030612200623 7.317114537476724
1.7656259457262096 1.2294755595252547 5.995141046935866
1.6629109615586182 1.0976019305290683 4.320918289590513
1.718723692450629 1.1844157797570798 5.221000239374785
1.6705888695763687 1.0739391030568433 4.360550421786112
1.7483404385832753 1.2576062641729024 5.811564914855417
1.77932909500223 1.4779742100268896 6.876015872337831
1.792668344198373 1.500350014223165 7.151339841185004
1.9586154185320592 1.566212030544806 10.496905111963601
2.0857948031828237 1.5910820240687036 13.757660037468408
2.0410360738536086 1.4502764160655004 12.125770221706958
2.0126371078107295 1.4427605847125182 11.388378185439
2.033505761234083 1.4113128114057119 11.820942292556584
2.1434821487953295 1.5923421783670078 15.456096890180081
2.169027038376864 1.447701043765106 15.820479568299277
2.19616734147852 1.37398678666279 16.5043231958481
2.1222949730793887 1.3340795077776946 14.0587369084839
2.0533703254510556 1.2944896298941715 12.020480098826525
1.9914789977140968 1.3402727848341114 10.593419503228171
2.138845524480477 1.3704448507606752 14.656314474225415
2.2452271229614826 1.377184625823629 18.226680841432113
2.205185499879995 1.4839742546643568 17.12373631782221
2.1704919180728153 1.486044586902257 15.980110520663027
2.25717412072155 1.5570078405953856 19.191947185076078
2.2929833117669376 1.5605362930992384 20.56389991169359
2.133327788957909 1.4679239216333193 14.765022753756323
1.9999860928954294 1.561732183766801 11.438673647558272
2.0446479238777076 1.4593634945617255 12.245863595086384
2.0792928603917185 1.4861667579616962 13.254070022955283
2.1345460485231595 1.5508434482715296 15.052291441506664
2.093749280210397 1.6231877302335502 14.084746428802406
2.13087518754338 1.6992634810001057 15.423550552990514
2.0977598610710473 1.60953101550842 14.154646201719515
1.9274688855642435 1.523667863072022 9.693528910700651
1.9367894283123601 1.5541720367218612 9.984295142728985
1.9946528849917913 1.6228710108048199 11.506007351324921
1.8682658432122323 1.6528375211347206 8.934050004726734
1.815856542984798 1.7167714745946936 8.22505232791181
1.8839425276529282 1.8588986680532749 9.954126018776797
1.7536808484793909 1.6812559417441328 7.133892249918826
1.6767736813293261 1.598049643551987 5.8355484498921015
1.5983492742778471 1.7174545315406486 5.366805598122083
1.499646258497855 1.6763102773573373 4.36986452347225
1.493755499258911 1.645367427948161 4.223347186513923
1.488072090487632 1.726557428676178 4.4556672339459045
1.359586908391071 1.525399245524328 3.046755333607412
1.2720471412305117 1.4736584650628235 2.5537217393303795
1.220081422883569 1.403620759009735 2.2088799037213898
1.2075320966008531 1.348283892091037 2.0277559996833157
1.3133212959599319 1.366696462471999 2.3932128538791435
1.2817558280944659 1.32925148432542 2.1802273506551613
1.3542825027102672 1.551482701058423 3.102789848301791
1.4043815520336929 1.520648049473917 3.2577135579885477
1.4211039709703794 1.393520454359935 2.981353924023066
1.4166490115906332 1.3284062162993087 2.778499452639357
1.3760183855557473 1.4190385546503181 2.8118815045033716
1.3116866303210803 1.2885626247518296 2.179545325474254
1.1547880850023566 1.1991758527027616 1.54926866964985
1.1164014332451908 1.2419307376391318 1.6030813439043934
1.2646982215737874 1.4030849859267458 2.3280016775988863
1.1774887265317722 1.4032494617654516 2.118475611314652
1.0930291382821973 1.3465049718125846 1.850988673541176
1.2219382308721443 1.4389872063385072 2.313864375211569
1.2241852101996733 1.4766419688422885 2.4291028114832662
1.3598558484581837 1.5218563872264157 3.037200969315039
1.4535667209750005 1.4666816081248546 3.389603888924314
1.557958455392093 1.6122413321543028 4.636320570188689
1.5126382373905363 1.6910200945495557 4.51868471597957
1.5964185893314797 1.7873767546659025 5.592729927245154
1.7486163044006502 1.6501094300635173 6.956821609224155
1.833214357806932 1.6106067072609627 8.166839862419225
1.7656274343357161 1.6722495750832989 7.279971798120144
1.7156848536636484 1.5434959002921604 6.159861497703655
1.6282690627881538 1.591717099128529 5.260223376361999
1.5097004557946034 1.4185219986097386 3.6485457013540303
1.5462170629478207 1.7221120637347678 4.899959011741453
1.5678697466305924 1.6368188603850047 4.80556854980747
1.6529158062665534 1.7913328464935796 6.2091499992660335
1.594471277451336 1.6716121436775788 5.1730956844170395
1.5667461151309614 1.5819634873924955 4.618741332252025
1.5872711952607081 1.4745135164455347 4.482857171059917
1.4923391975604932 1.4937568606950409 3.7370257572244983
1.5065917601471226 1.6022158277694065 4.179535170240726
1.3924743479571309 1.804163206031977 4.136697346881927
1.3837066364296766 1.6811007224651837 3.662673387699446
1.5295755799231008 1.6722955684118712 4.591104525556544
1.6034670841246175 1.761703692337484 5.57197613055326
1.6347505199116406 1.6687761726217847 5.581766655108896
1.712803147156966 1.7173903783563436 6.688604598610335
1.838073509804127 1.851423860349682 9.08510024082404
1.7730720467712149 1.9772861375819806 8.50547237960323
1.813299797858494 1.9479690957900142 9.02978457534345
1.797694491022717 1.9518372522624363 8.790178022410101
1.7896021313662114 1.8855725849136693 8.407164602620737
1.690060215866666 1.8873496492269428 7.007951506013107
1.8419991913393945 1.810127815331042 9.002825155357892
1.9170490175137391 1.9662618809672487 11.022222395658542
2.011740731120185 2.1064085616085384 13.721780126369358
1.9753189686158248 1.9878502176242474 12.372485202124693
2.0801571069654914 2.036286975953404 15.21575023690058
2.074559705786027 2.1981855345990375 15.74710069006704
2.1459454456192137 2.177934094683761 17.740012106173737
2.2690044399507614 2.0918877570356615 21.585060541400843
2.2185638422849503 2.258278332099943 20.482105222758896
2.305316133572313 2.2867021272317096 23.843765651884357
2.264742480026477 2.2964789298131865 22.32293957840589
2.351381681840688 2.407183649280439 26.30633620183846
2.2892330156232332 2.4207005611027634 23.842376094500732
2.3321971042980305 2.4698067568101383 25.805938949532383
2.3372011936538315 2.4975178532548417 26.151585747496185
2.199880817539691 2.451092728080388 20.74942853202346
2.354322798770713 2.4794708701908412 26.785133272687027
2.37621467246297 2.4021384757883686 27.3592666219994
2.4242233272251728 2.461831944240712 29.844367694160567
2.499442598125636 2.3781961132966614 33.189064182901646
2.3828331948545207 2.388673902092638 27.588455608554796
2.3831267504930724 2.3985867427038294 27.649002361420248
2.3824945384575784 2.324044952214061 27.268781689934478
2.4954044684628913 2.2001055549046855 32.16244779825294
2.587690197223088 2.230301183738459 37.420260613057835
2.7013965515797884 2.337798352825494 45.124353117684926
2.748022828650738 2.4394365873429193 48.87469953372068
2.4736967051789636 2.3019545813880633 31.504951560300228
2.5754136253321542 2.286898978368557 36.95783967498389
2.4840584753104045 2.264268351481717 31.861462366786967
2.297722978964474 2.1614124081527715 22.98608821998817
2.1509852930205153 2.198902391128749 17.98839829365153
2.284779381667405 2.0838882801869154 22.15282039652516
2.2382856192419402 1.9853645944332938 20.02115113554178
2.01751189002057 1.979017387115758 13.343584893921454
1.9402617217351437 2.0315722720844884 11.770385029538584
1.8342558071988198 2.0482570768734427 9.786190660955103
2.0063906103129057 2.1428750264621312 13.74618859395158
2.0098361091281403 2.1506102189913987 13.863327034480292
2.0827776983706405 2.2701451761446183 16.29555571512783
2.0573182588789365 2.191039969365299 15.250090075186188
2.0374115598045237 2.1169621812763757 14.410618914144134
2.13018465392987 2.251787778870431 17.585775104268244
2.0666909020315694 2.366953382012116 16.303291580720835
1.8865837742886236 2.381545364310779 12.221254452467704
1.8368089517072546 2.5074044078314635 11.922321991909794
1.9151047273869586 2.594298596527616 13.846614307298065
1.8848957686897505 2.6685491111196273 13.638105879019617
1.9787537747242911 2.653262166021958 15.539745040012928
2.080042149730583 2.593012326329858 17.78981644817061
2.0311026942337183 2.598192563067427 16.51859320355141
2.151311401112046 2.4930695121117212 19.378800854518722
2.158499100048148 2.592974201726106 20.112662419228993
2.110028384427622 2.568104027579062 18.512979727227425
1.9833743547392155 2.635558075149223 15.553195259162962
1.910821570582707 2.6074034502041656 13.827621382844523
1.8307186213282742 2.607500562388384 12.328755677054906
1.931833707271929 2.732338450108161 14.929396172306888
1.9413208553220092 2.878805487994024 15.953368373818144
2.0669975061294728 2.9487714775529024 19.40437000559466
1.9237819067595374 2.9986406874568967 16.28690570389958
1.9214711013834191 2.995586707229329 16.220679348693288
1.943455724558273 2.778329590988024 15.4309562480958
1.8642371010440297 2.701207696762155 13.424029011523267
1.836350612361625 2.5762207553785355 12.264168277436873
1.7395565594258229 2.483483800619588 10.272598850176166
1.8106339224338375 2.253695396301882 10.270227631562644
1.9392737774453088 2.3483584195914164 13.136708846672734
1.8289595890368888 2.2530461991199386 10.575679190418633
1.863927808031345 2.1974893724895432 10.950758164014037
1.841881683199748 2.1703059372149873 10.434418737430933
1.958055332755717 2.2896716940379593 13.274042995854106
1.878714225990425 2.320585662389926 11.783827747125263
1.7791478501095666 2.260272912595368 9.797648198293908
1.85608341644179 2.2571695635030387 11.073062663072523
1.7170408564379784 2.218638616144512 8.717954724857984
1.6385721947701228 2.1311654843988714 7.380817810767063
1.5782545283022078 2.119961253771889 6.716980826092084
1.5888457390453763 2.2688191650396297 7.4714296142317815
1.4856811917677284 2.1645608217930477 6.14277274206885
1.5698294562554582 2.101925352803052 6.562453641249881
1.54349957293643 2.2163315071432335 6.823130037477615
1.552191433600528 2.271974027311944 7.147987528488841
1.5827398881481465 2.293799234349874 7.526737247942307
1.7789194739852 2.2229594656784317 9.62684494754408
1.9109469465778366 2.265318966994662 12.163279607515483
1.7568513120375089 2.2524614519631783 9.427175563856885
1.6529619439644618 2.319595612030608 8.381328847453897
1.7870133020497905 2.383878391185677 10.493952309377903
1.6213379983933185 2.396325517093273 8.395159889692247
1.811835174202411 2.354081335829016 10.752631425106538
1.9328517664722091 2.218704443655078 12.407885500077729
1.9110480076679535 2.361005356546094 12.608004506849223
2.0294608571264705 2.2463850515131534 14.772606412824555
1.7630618083702685 2.233618846644727 9.434348641413465
1.5359064170466703 2.1725467849385254 6.566863695411878
1.5614857131956845 2.151844898541663 6.698963954959933
1.33078839959156 2.1789313788251166 5.342179506473393
1.4339015668572679 2.1135222904045263 5.582268139125249
1.3430734031493732 2.0003551848746204 4.64758952464516
1.1875265713221999 2.1073901432999222 4.609373137424354
1.1333245826010272 2.2385212950036877 5.091874946690024
0.9613738805357742 2.2014835677748126 4.852269516454096
0.9235614841433579 2.295992206589884 5.293199264282133
0.8028633459422274 2.253937531455694 5.206550982069078
0.7970080586697024 2.2669479325033666 5.272116030620104
1.1162911545891097 2.2770857106243834 5.245687468125854
1.194322288317814 2.2930382097770905 5.439846076686776
1.277432008857801 2.123334329039097 4.907761028009343
1.200648623933279 2.235162542106484 5.190924278227394
1.2123052106018508 2.274483635175666 5.393878794819424
1.3396914085688854 2.4769161013993246 6.766777606475689
1.4508209084583845 2.5555700837419955 7.751701158612987
1.23374717248541 2.4613263149470925 6.330749143480481
1.251355511038783 2.3787802039490495 5.9788274468530345
1.3656149890129574 2.4049072265059577 6.531638213174576
1.348731198194796 2.3874319140611298 6.370716384113794
1.3788742466470585 2.458184611488647 6.85500279760203
1.3971495216158063 2.4673581836465335 6.994211407195427
1.4005220775467295 2.582364277502752 7.593014611644539
1.3836241733185062 2.7454351441152154 8.373570482744777
1.4145847600232337 2.764451832600257 8.644295123937809
1.335766256210539 2.80979520306462 8.510030855122206
1.5123131712504674 2.594301213077063 8.38700235578892
1.676633818425243 2.653344842442755 10.320325544168584
1.495443954928794 2.6953984615701216 8.793740673384443
1.5099556724716767 2.763583120461634 9.275704964890696
1.2908038033702172 2.8806571796039013 8.74197419595434
1.3313852879721892 2.912243430655619 9.07805213979793
1.4538625681010413 2.823795885179972 9.214187347116754
1.6229953409209357 2.7283933043131734 10.114458184884526
1.5709282230722306 2.701266072939808 9.451320686146282
1.4772164828720475 2.675373522674766 8.555145936337588
1.2504609298555642 2.7626844895906935 7.950129771598894
1.1966006721012494 2.799073931834843 8.021312034997678
1.3691468273521954 2.806342760624386 8.640420192032462
1.405699647665069 2.9393094222976854 9.592099286998216
1.2626207725228988 3.119588348758856 10.08491843398898
1.1444433030704566 3.182468261665806 10.224049592617977
1.1303708027273147 3.147763061914183 9.985550774837973
1.0854186195294584 3.2439785629111317 10.555128488815647
1.1290061157554283 3.0354489417302584 9.289385542185125
1.2053480720714598 3.05449514030468 9.535026341858574
1.3296727465494642 2.91230018953412 9.071361880276982
1.5218092174110243 2.982458668597556 10.626661189571626
1.5648191305278345 3.020376658188034 11.221287798517185
1.5228543658573328 3.077859090174539 11.213202923199681
1.341697168973828 3.14481051954979 10.530075295932477
1.3570867642288345 2.97617817866022 9.5660693245089
1.3329502492921983 2.725652045352936 8.032529526148599
1.327404107252798 2.733394959445223 8.052094540185555
1.2189401020441333 2.7431920249016084 7.761118672863974
1.1867155756817822 2.790512631449881 7.953664620407254
1.1436860414366457 2.6892876261628524 7.327142877556344
1.1711609089689532 2.718441192386708 7.52802236125917
1.2339344411316615 2.7785119466549326 7.993233340815165
1.2154241890089095 2.8290676213342683 8.23139685670054
1.4041345214760892 2.9841416800921006 9.849095990453714
1.346655900499958 2.9518183952897536 9.374984989140525
1.5181194855674205 2.8778121519367508 9.984010356065593
1.4526505372848373 2.690142306456027 8.469395421771232
1.3382905203976374 2.5920883126231686 7.3446368607727415
1.2364935284478284 2.5412077844564904 6.737489398952191
1.2478667670427215 2.658861391938103 7.379983946615074
1.2889058420947155 2.7948118768385224 8.24826237700868
1.0781129946748491 2.9008703814287053 8.441399229080186
0.9816581057953058 2.9677126299199097 8.808639384606925
1.0217300935732079 3.127983918769612 9.78621345045516
1.0530320538014433 2.997483529519841 8.996761603374066
1.1967709280627015 2.9213618088931006 8.721204091677047
1.1907497474267636 2.8894579117681918 8.523594864507182
1.4222623166836863 2.9120318156809986 9.526110703805228
1.388759148568261 2.901147047909966 9.279048680055825
1.55842466626719 2.9415145467361032 10.693655631102533
1.4617209919968037 3.00922154513001 10.347338105568358
1.5162032257017686 3.0326682741835267 10.884145909357311
1.5399679605176015 2.9697153970744545 10.70022540879392
1.417773369097746 2.827150537177811 9.013044445246727
1.3405640765246236 2.803447886314817 8.494707660806405
1.3866560081481145 2.874112758759537 9.11211146191875
1.4109593040991555 2.8384393672213863 9.038434883774048
1.4908491547092726 2.7182437578443652 8.883676183401873
1.3962693388290053 2.6040706076946742 7.682863242878389
1.29770449595635 2.7557954802010336 8.062315289735443
1.2727124307952737 2.6440287924641943 7.375036491677491
1.3316237415177667 2.745305755600811 8.134575626678746
1.344198698246881 2.661187797066507 7.732959914674148
1.2987712065564392 2.650440762069508 7.4965396035756
1.1122594091846256 2.642693158740286 7.0400534967256485
1.007942736057875 2.769380240725189 7.669721274258763
0.7989798441146062 2.7970218491237326 7.954108355580354
0.746182471177042 3.000974495039836 9.202284548366231
0.8557377945675356 3.091470219235633 9.628858274133671
0.8110092246851092 3.199870682239341 10.356317054404004
0.836743783239516 3.2126876013166012 10.411277548023916
0.9745526265572247 3.207466889331254 10.290368625060351
0.8941793656072683 3.132754928897954 9.854330945864607
0.9285712026507161 3.203687834711726 10.282592326013344
0.9697842844545932 3.284927961492446 10.79429415708837
0.9679245883941342 3.389845859635228 11.495039337856886
0.932511300682166 3.5199257892202445 12.406887635537169
0.9476751976704672 3.5628799104667856 12.704499255024148
0.9660687838725177 3.6201525336611424 13.109954738480438
1.1038786604974655 3.496176621906642 12.271014242313303
1.029817844716951 3.5038467552409527 12.280605334816254
0.965500279875211 3.6045366272458765 12.997282386058352
0.8882297864394536 3.576250041728339 12.834105554466518
0.8885837209979186 3.6316938677306543 13.2334764921755
0.9818681991281012 3.4995729375344475 12.248302057816316
1.065258175108803 3.5759200361210413 12.805368399867831
1.0084340386677373 3.6844259220351088 13.57528131181133
0.885534960167513 3.4967378424582027 12.273757192946992
0.8553989149183603 3.4722869905057783 12.128757915353912
0.8484104524990562 3.590926369979429 12.973264068785957
0.8524319675157104 3.668096269746795 13.529655791997248
0.7927787773288959 3.555645425464716 12.780627986622596
0.683400886672781 3.6129159565108675 13.337211511312127
0.6456650395191341 3.5720187732699302 13.099343151963666
0.505968199653161 3.612591180164548 13.604345352255597
0.5928401851263592 3.5385364325916617 12.94184488424443
0.5090222915663165 3.378678521464372 11.964395888669447
0.5491612212852232 3.409486020894197 12.112388151156292
0.5183385178337621 3.568610167167722 13.269815045474985
0.6370815655157208 3.5338390670002546 12.841005537315757
0.6141111023204873 3.487374620780148 12.549745735495792
0.649922363466023 3.6576701514630177 13.71217376138272
0.5262798576397903 3.8008046599833216 14.968887737767918
0.5284966590073348 3.924707820346216 15.922727398198788
0.7451052311960553 3.985336410581112 16.080769531612205
0.8443654845642165 3.932728902990696 15.548752563566273
0.8965778541251661 3.8835804784815102 15.120671430176527
1.0649408188571645 3.816010259290512 14.57991682677615
1.190998799247564 3.831269609670301 14.85375077548134
1.1961335271160094 4.153446705419706 17.436652532230827
1.156775744808079 4.186054559442195 17.637384755231757
1.209746787350059 4.199036497943832 17.846727978595975
1.0669653849419485 4.402254716478577 19.399005337708356
1.143845312718135 4.447948169579446 19.8793424385123
1.2772717573637227 4.564407137485655 21.232507701183952
1.32625163740555 4.773247705623596 23.359888752328164
1.3864531475173536 4.867526393456761 24.543362551669617
1.1345213217212315 4.860623886933398 23.70811316274427
1.0358280692326391 4.8655868087237275 23.679255206047202
1.0989446543535049 4.782537747082294 22.915798016067445
1.057987256337762 4.82635037311914 23.30789925192796
1.112777432921383 4.791104083117652 23.01145265097622
1.0344735518516992 4.682815353488094 21.933678627359352
0.8937209967429787 4.5864045216571405 21.075613142882638
1.0372524095068716 4.699342537568814 22.08957996622306
1.1344371075524309 4.702260730422407 22.19359487389293
1.070392821979157 4.765562489032245 22.73182621571589
0.9443358431001913 4.643260240502324 21.571579353979068
0.9358063701212908 4.73977685804146 22.480926811549214
0.6904192058563756 4.661412179677999 22.002628713010203
0.8040417021875473 4.614301615745464 21.416753628746548
0.8749736629955412 4.572403878370078 20.961830473931755
0.7245630050266543 4.601830343837639 21.40247554269568
0.685100990871115 4.566605300727505 21.135459208179103
0.5119913319990561 4.563252241656941 21.367715596159364
0.4233287836986116 4.555613433218485 21.427314476422133
0.5093618030779117 4.51686996868314 20.95052943637738
0.3182603477630802 4.364177530072758 19.853725809061494
0.32400432373660054 4.34935404877896 19.717943586857277
0.20390203695090525 4.310436716458609 19.49844117240704
0.2710739703192697 4.341456068560486 19.70667807214422
0.19243996222768206 4.472152807431136 20.927455908278603
0.2107258425574414 4.138643021266767 18.04152713387405
0.18644157746860884 4.175472962475611 18.366261826452064
0.389927542426752 4.292410553559013 19.14381860596636
0.33099828978031176 4.241181979582024 18.78050821289688
0.07384601763631193 4.2515313437246665 19.064642035796343
0.32537872822547 4.128267382817647 17.84205768618989
0.1579881196247781 4.036413305737185 17.243334896724562
0.17562931669189566 3.978700814494584 16.769320312045004
0.3265348303178667 4.048402189205035 17.18767918438502
0.2548857549121072 3.9112028266109586 16.17179473312844
0.30877268396138896 3.927927730047628 16.247024936112382
0.1250459854692031 4.028999950527843 17.201812104474207
0.07720336148361845 4.034412872603746 17.26460203446177
0.006238173189686266 4.082488744288457 17.666636519146817
-0.07541244327236199 3.987199480052285 16.88641796291389
-0.20735705319037748 3.9643583585321536 16.631992037343146
-0.24381002040862307 3.8497578780789063 15.70528257673938
-0.38602553557209407 4.028595434491978 16.953755429634985
-0.16079165901760634 4.093542261751403 17.706048760649605
-0.09417075365328496 4.138711894818475 18.111278530369336
-0.08312579815389018 4.045585625940063 17.352991006870187
-0.11287265207376822 3.9184432551738966 16.32887938644826
-0.2927876948909287 4.03429719194323 17.111453277284305
-0.38122819599193836 4.137552644396986 17.849794254352616
-0.26378194336750704 4.234751537364761 18.798800259463643
-0.22100989184425476 4.121739277654411 17.89342979876753
-0.07945884256938851 4.186621504097295 18.51521206614941
-0.11840834355838681 4.333746676410268 19.75351575907336
-0.1516869732519594 4.211995457299913 18.695417267827608
-0.04248350211612992 4.154476920883802 18.256072047728182
-0.16640444705629126 4.118395966332128 17.90657121596792
-0.15360598649972904 4.140681393869376 18.098609521902958
-0.047597370787636845 4.321129791299052 19.667636786374626
-0.06119785542771261 4.375505943591429 20.137575933740596
-0.16643787038171876 4.347124827404938 19.842858512332683
-0.10408878076345807 4.373859882278891 20.109098707080012
-0.12177764711167204 4.400860840449119 20.338136469156126
-0.1459567549064647 4.398432330416115 20.304054050400765
-0.24866067832633654 4.360453765580088 19.89371598853476
-0.27644084214278014 4.335881946069585 19.652873117815197
-0.2912860685484584 4.253672274666492 18.931231783573512
-0.440013230661049 4.14819497179812 17.85778370610353
-0.5850743551148441 4.234716431025379 18.36537675520778
-0.6787407756163952 4.310345478357822 18.869934453853414
-0.4960759352534052 4.467421323396546 20.526231558105348
-0.5182942712415325 4.388139621674294 19.790672949742913
-0.6042749408878043 4.51374492470594 20.776930047958214
-0.7050375353542313 4.6934355185036605 22.281267578608308
-0.7387226351194288 4.557089907186843 20.973446798102007
-0.5648672040930934 4.550553981520614 21.171200451201802
-0.5637655037833575 4.485603323841433 20.58599098223366
-0.7118636415720281 4.425857399969083 19.831509441065524
-0.6088639994776196 4.443347217393223 20.13933364004668
-0.5433148270999051 4.3811421776885915 19.691162505704742
-0.6696442386147754 4.535005049150313 20.87050753452554
-0.7359101335145675 4.506789042015018 20.52131128782062
-0.7733712873665822 4.539804588092757 20.771346777616653
-0.4492910686164545 4.509175458669407 20.969686842898245
-0.39932540330871763 4.435006373917733 20.37578772086909
-0.43956156492683607 4.401656482486162 20.02548284361814
-0.3368964935509906 4.424714312501087 20.363980331670927
-0.20900742458107396 4.480290827894259 20.98754599635462
-0.15417164648784282 4.383225527703471 20.16569319399449
-0.22789288442492805 4.618538823644164 22.22972779351297
-0.16212550098089168 4.6476191090043155 22.548484910546613
-0.11788746368703014 4.577447441342679 21.92542330929583
-0.1945947152219334 4.595429549601562 22.04367245647078
-0.08743220198104532 4.534075157359004 21.54260718939117
-0.12828514910751299 4.5335163671503755 21.520127327722328
-0.11902950202835824 4.46895328092577 20.943408115248364
-0.17844126508562907 4.4461988723791785 20.706015710011048
-0.2776244042765226 4.4881176727270855 20.994990227933858
-0.3916742484604243 4.588320675223781 21.769403419295006
-0.309293851789048 4.618649547895954 22.14974962240758
-0.34764239788941953 4.70755663991711 22.933985032671533
-0.3197891502178013 4.668590747001806 22.601667512596954
-0.3953516475303122 4.7720626852612265 23.48440702608034
-0.37367680837632933 4.86500979428098 24.408549337901075
-0.461851543855652 4.911641997730013 24.74311322838496
-0.4103290412925703 4.709186949854941 22.868050315105343
-0.4650665809048893 4.672334718077085 22.444917902184528
-0.3970956625066655 4.51940158248597 21.1344852816578
-0.5106811763090556 4.61060936532759 21.804142361613177
-0.5123543489052839 4.7778853251443305 23.37208413648607
-0.3014290479377407 4.880045591203652 24.641381473804515
-0.5149894069426493 4.942111746152516 24.96437884607607
-0.6829586415515202 5.025231572458498 25.53764662741256
-0.6216601326856805 4.802428845997156 23.439752532021327
-0.6291901004775667 4.6855343394419275 22.319192799938648
