1.0162474359543683
1.0470104150731683
1.1120012197240192
0.8840898083963498
1.0060520018547086
1.006997315803502
1.1369443844402365
1.2412649848804125
1.229632342650764
1.2266293466662699
1.289095144144882
1.458782243094661
1.5080086707189961
1.6290695471664802
1.6310761039823893
1.529316341269964
1.5611392978806697
1.600823187090485
1.460127411354572
1.4768898822318364
1.3596740892596277
1.4119231877097114
1.4758763174235938
1.5349866952194062
1.4971350570622268
1.4244589269644423
1.3618191458044402
1.3411607022057404
1.2971369893157243
1.4179227054952057
1.3578290587704225
1.2849670823396546
1.2452920276551136
1.3128243587893733
1.2035373547208017
1.0945445444365856
1.0413238581499902
1.2177233269906562
1.2450503628540837
1.2577314153126167
1.09396504237393
1.1155942850515106
1.1115410396068137
1.0065229739505914
0.934278366712123
0.9251930606941019
0.6627269880408455
0.6944549179301357
0.6844114496224906
0.5909350728100002
0.5365029315172763
0.6478537865470855
0.6201519630269675
0.6786426762657577
0.7525005903837051
0.6629196147650107
0.47899021264081
0.4848166045823933
0.6161793214888358
0.7563329397103772
0.8167468798586466
0.9149836675302977
0.8090106678133676
0.7556501559015234
0.6876464328784028
0.7479689275099053
0.8342663831611449
0.8617944216487882
0.9822419564657681
0.9506233014131986
1.0227003742946703
0.981592738556739
1.0722959388871054
1.055529493499493
0.955517056136854
0.8843658074752385
0.9586256246333873
1.019711485864272
1.0646240738449335
1.0881887157516392
1.012308622512788
1.0353255999930449
1.1614267845834718
1.1826507482964812
1.2270565746143325
1.16636914995762
1.2274926102968657
1.1148027506879614
1.1932322757920084
1.1671537250097228
1.1861323116514193
1.0417722692364282
0.9489273385204102
0.9312133367736276
1.0185254064408478
1.1030186480434947
1.2648774788876909
1.1633843190126691
1.109646854594033
1.011422881839781
0.9949501493143719
1.136194737385701
1.141164079741534
1.2560142116516264
1.273694130337584
1.1486129645813614
1.1910928312288145
1.090480814943584
1.0516743494699725
1.1411616849483113
1.2330173128192479
1.1714852895436005
1.4004302139789817
1.3589684240193112
1.1096373399302637
1.176214457008921
0.8971905855170074
0.822724867384771
0.9185846309657227
0.9568244940550168
1.0298168044081208
1.0299196681041747
0.9674591552800496
0.8990725569669137
0.9758995484261674
0.9088803439184073
0.7289312706901041
0.5517738794980971
0.4304206344352047
0.43727277628824823
0.46441486305520374
0.5657386930301549
0.6245890373932024
0.4891309784242882
0.5566767838418208
0.7626635941472681
0.8541960470815508
0.9311899546828374
1.0039480662283171
0.9789830257324029
1.0729074699479664
1.0375829573804138
0.9210742048981692
0.8883994563667839
0.9160789581016678
0.8517655538107389
0.8879908936596325
0.812817898226942
0.9010314562047935
0.8900158462535985
0.915572858108292
0.7264100003069771
0.7871999095943742
0.7131427567641329
0.6294224444009554
0.5827138033665127
0.5928343302749213
0.4613331166662041
0.30999434824690497
0.1955684324346233
0.26308876184821806
0.2857712824524253
0.185996031312634
0.2787508755907593
0.29346758741040246
0.42715427105696746
0.6285980613852155
0.5845053887973414
0.4941440767916767
0.5259207447482016
0.4135476785384384
0.4314830233598203
0.5452349276751454
0.6192525877630022
0.6068227198927506
0.6206574510057591
0.5392101761900583
0.5931747494818254
0.5559259081731119
0.472139951719694
0.5198801070136094
0.4535070145490542
0.4279007720458225
0.5263685359421072
0.4882337377949908
0.6242196828085012
0.7737836362379052
0.6871952297819005
0.5773387058888158
0.7084175609688153
0.78183479022277
0.8338203538478898
0.8630435114574608
0.8717092233423279
0.880049906038631
0.9263374514819172
0.9474165517766503
0.9812778588284151
1.1377590798986823
1.062906753212788
1.0125718964697028
0.9616060925460314
0.9914674341916019
0.823748634660076
0.8755356227217573
0.8811199054990723
0.8687501686052767
0.8164844647690953
0.6097972942825041
0.585153394842168
0.5153252524967677
0.41371395668363686
0.4442610103549095
0.3041724024591412
0.4621437309476209
0.5142718498651325
0.47765966628514284
0.4836520146649067
0.4724914113433798
0.3423697934040256
0.43963960870701113
0.5610428401318657
0.5101615909292803
0.7157149679488106
0.7432789518507504
0.8346923393753894
0.7757953144414296
0.6865938839515563
0.7853445395365289
0.702893356576057
0.6324098779025533
0.598209035908741
0.49599038225639064
0.5004499842064033
0.5325691964913345
0.5957462278072838
0.7160806474080068
0.8475898518997357
0.8110653521692959
0.7864121817184044
0.9631726390605282
0.9058565856267395
0.806550715193899
0.7594600163807603
0.6742866580367325
0.5801620539630529
0.5434370208235991
0.4944184339636879
0.4054142411211997
0.24387060444845018
0.2224653493144487
0.14901209217791628
0.15175174466468025
0.1910321421838984
0.3088226784069931
0.28110178219568377
0.0917395746618204
0.09809847821920513
0.03986456164084076
0.12398283473819877
0.13723124808995987
0.15775517991970778
0.1657765231895384
0.27501393048644296
0.1266883282486717
0.05242986233648492
0.13151616676585826
0.04343086181105077
0.023981264340334936
0.10128718798002352
0.1725097244213995
0.16393484623222043
0.19997181351593019
0.18466692299826137
0.1373750735572785
0.2786702847356162
0.2825721835153403
0.36316320745044695
0.3116083166630201
0.29520840481741456
0.30910748938834764
0.17184511729123622
0.12015305807565066
0.23224513908466432
0.2145216993789881
0.20666964683796238
0.3180751173747787
0.3282622214077912
0.47555767650179026
0.5082608680874687
0.7438642617707212
0.7909731665544834
0.9084836776584091
0.8643949788298946
0.8948786944916266
0.905849035823444
1.0890915839817739
1.177499129388188
0.8868619665700219
0.9012417497669677
0.7104320451169198
0.4709937549791736
0.3617251985910586
0.3999560866108385
0.4570369437483381
0.4677749579142102
0.6411279999409523
0.6437408693980645
0.565702508918478
0.5677311741876824
0.8145072400371525
0.6719425017984472
0.7138829732664971
0.7605512646351879
0.8649568366939071
0.7913706111091345
1.0196625829960904
1.1353384471333272
1.0937721560919331
1.1814108745809642
1.2629967173916263
1.2744202747039337
1.2347292363209328
1.2014453154738105
1.298912003242845
1.176278456989333
1.1709218041170122
1.1366659453190948
1.138858639111206
1.1570941389094942
1.0997592386630155
0.9985179008172108
1.169843120938269
1.2541805794407574
1.4911471275508994
1.533871563616594
1.4911752306139223
1.5771585918091011
1.5944102204571704
1.6935367343565937
1.6341255037666897
1.7596100313606617
1.804142248096394
1.9210127536356165
1.9892447443738424
1.8720944950243519
1.9232705655829685
1.84371771767223
1.9265705962741522
1.8075250183330636
1.9718718902020616
2.0331221648695665
1.9853244316678584
2.039100556736309
2.215417367589529
2.3861115672079016
2.482768587919787
2.5029567890666606
2.3981514316589934
2.50256098406461
2.473415291004767
2.472255394573037
2.2879263712569533
2.2551105129436597
2.296380279866382
2.278654305150205
2.296408332886023
2.3299008530529632
2.394022770704908
2.5874361821426293
2.6001440168531715
2.321747066879575
2.3503427832709836
2.309231338776242
2.2167604513835966
2.226723205754922
2.208516088032692
2.2702112400667462
2.2367671612441655
2.0494938701411964
1.9512392568116714
1.8949280992241178
1.7817647410990765
1.6308322636908148
1.472009410668628
1.5087338809910618
1.4693122995587171
1.5181433366456332
1.5455761052928043
1.5419420268544948
1.4378224737104393
1.4489080079675707
1.296597024904589
1.2415081759767204
1.4238815667186064
1.365595509189181
1.3345377606119986
1.4451741690134818
1.6236231894363609
1.637545396452512
1.620087732284712
1.6881791907770738
1.6061890433191992
1.4551001736400238
1.320408432918926
1.2402600242447543
1.2845322564942543
1.2047570502343754
1.1579410877819927
1.03647239685026
1.0339629976778315
1.1985765162179627
1.2953911106721607
1.4685728910575109
1.400013065927267
1.3442823274381723
1.5023299603776414
1.3848488259694618
1.3682417340983495
1.3873367074034846
1.5922964911947344
1.6346783581488782
1.5819366709367362
1.6167487796184905
1.6071494777989905
1.6156418570794355
1.6508188027444626
1.5374806539751216
1.6605308965792311
1.679632554359172
1.6223496647617102
1.5891102651182554
1.5099787025806888
1.425968366247611
1.4028006289348847
1.387154884385046
1.4424864890219264
1.3524295357072378
1.1762838270690417
1.2320056256655518
1.230727889964722
1.4060820344075236
1.4052125443475902
1.238471238260089
1.4027512950769132
1.5689282908155027
1.390139157926576
1.5108144721740207
1.5815520255831184
1.683831659171969
1.7441672310785157
1.7148464125542842
1.7107318077913145
1.6841443735214903
1.6710464933473448
1.5721478886145208
1.642988869464328
1.7126294979651908
1.6807584110517475
1.548283145002892
1.6815792488536965
1.590080281966147
1.6155458059425365
1.4540808941347165
1.383185953788564
1.2404313230906538
1.361861787316673
1.5280630746538173
1.556977211667882
1.6984396867361722
1.7017484295318237
1.7723057035116991
1.7536504015980423
1.5616531520655683
1.489421491804277
1.5096213539175678
1.7104444208291099
1.935283403433253
1.738574688143344
1.689034605512836
1.7121487717833506
1.7485683426404122
1.848297575469587
1.693695421953874
1.8002380211307403
1.7925547279303244
1.6296497427020977
1.5378304627696995
1.5562598580552416
1.6196989163958424
1.7645410785293256
1.698127799782289
1.7715644814105533
1.678988149302072
1.7618740922632465
1.879871225905544
1.7630202032005384
1.7651502810956923
1.8538064255026763
1.8448631451634876
1.8002101101744887
1.7104839103807397
1.6586795221611488
1.7029224119036803
1.6029184145165731
1.908774521604434
2.0140590859493557
2.040211246925095
1.8945633714601122
1.8807774272074005
1.911317460296154
1.9634600510582503
2.0748358358680403
2.2533097739829184
2.2982940869605932
2.3516319190373576
2.0813811130223554
2.0573852490887994
2.102365213194192
2.146443162644106
2.2368981252653954
2.1807327101492993
2.366027238899426
2.3924274532892604
2.3762932960118217
2.4275660051754824
2.3531618765102205
2.2908490761902693
2.265011579462981
2.171731252890865
2.159025778641901
2.3542888597241505
2.3498938019445186
2.452189773391763
2.4280113703811073
2.315371631079614
2.2678037825937407
2.4604574226599443
2.414178222545195
2.2603829898461067
2.2615680413359627
2.126861594890791
1.9966843466321555
1.982662008804175
1.8410771976435323
1.850202968110011
1.8321395450083247
1.8541396194954944
1.7951870741259153
1.7371180096190002
1.8526268689301457
1.7656259457262096
1.6629109615586182
1.718723692450629
1.6705888695763687
1.7483404385832753
1.77932909500223
1.792668344198373
1.9586154185320592
2.0857948031828237
2.0410360738536086
2.0126371078107295
2.033505761234083
2.1434821487953295
2.169027038376864
2.19616734147852
2.1222949730793887
2.0533703254510556
1.9914789977140968
2.138845524480477
2.2452271229614826
2.205185499879995
2.1704919180728153
2.25717412072155
2.2929833117669376
2.133327788957909
1.9999860928954294
2.0446479238777076
2.0792928603917185
2.1345460485231595
2.093749280210397
2.13087518754338
2.0977598610710473
1.9274688855642435
1.9367894283123601
1.9946528849917913
1.8682658432122323
1.815856542984798
1.8839425276529282
1.7536808484793909
1.6767736813293261
1.5983492742778471
1.499646258497855
1.493755499258911
1.488072090487632
1.359586908391071
1.2720471412305117
1.220081422883569
1.2075320966008531
1.3133212959599319
1.2817558280944659
1.3542825027102672
1.4043815520336929
1.4211039709703794
1.4166490115906332
1.3760183855557473
1.3116866303210803
1.1547880850023566
1.1164014332451908
1.2646982215737874
1.1774887265317722
1.0930291382821973
1.2219382308721443
1.2241852101996733
1.3598558484581837
1.4535667209750005
1.557958455392093
1.5126382373905363
1.5964185893314797
1.7486163044006502
1.833214357806932
1.7656274343357161
1.7156848536636484
1.6282690627881538
1.5097004557946034
1.5462170629478207
1.5678697466305924
1.6529158062665534
1.594471277451336
1.5667461151309614
1.5872711952607081
1.4923391975604932
1.5065917601471226
1.3924743479571309
1.3837066364296766
1.5295755799231008
1.6034670841246175
1.6347505199116406
1.712803147156966
1.838073509804127
1.7730720467712149
1.813299797858494
1.797694491022717
1.7896021313662114
1.690060215866666
1.8419991913393945
1.9170490175137391
2.011740731120185
1.9753189686158248
2.0801571069654914
2.074559705786027
2.1459454456192137
2.2690044399507614
2.2185638422849503
2.305316133572313
2.264742480026477
2.351381681840688
2.2892330156232332
2.3321971042980305
2.3372011936538315
2.199880817539691
2.354322798770713
2.37621467246297
2.4242233272251728
2.499442598125636
2.3828331948545207
2.3831267504930724
2.3824945384575784
2.4954044684628913
2.587690197223088
2.7013965515797884
2.748022828650738
2.4736967051789636
2.5754136253321542
2.4840584753104045
2.297722978964474
2.1509852930205153
2.284779381667405
2.2382856192419402
2.01751189002057
1.9402617217351437
1.8342558071988198
2.0063906103129057
2.0098361091281403
2.0827776983706405
2.0573182588789365
2.0374115598045237
2.13018465392987
2.0666909020315694
1.8865837742886236
1.8368089517072546
1.9151047273869586
1.8848957686897505
1.9787537747242911
2.080042149730583
2.0311026942337183
2.151311401112046
2.158499100048148
2.110028384427622
1.9833743547392155
1.910821570582707
1.8307186213282742
1.931833707271929
1.9413208553220092
2.0669975061294728
1.9237819067595374
1.9214711013834191
1.943455724558273
1.8642371010440297
1.836350612361625
1.7395565594258229
1.8106339224338375
1.9392737774453088
1.8289595890368888
1.863927808031345
1.841881683199748
1.958055332755717
1.878714225990425
1.7791478501095666
1.85608341644179
1.7170408564379784
1.6385721947701228
1.5782545283022078
1.5888457390453763
1.4856811917677284
1.5698294562554582
1.54349957293643
1.552191433600528
1.5827398881481465
1.7789194739852
1.9109469465778366
1.7568513120375089
1.6529619439644618
1.7870133020497905
1.6213379983933185
1.811835174202411
1.9328517664722091
1.9110480076679535
2.0294608571264705
1.7630618083702685
1.5359064170466703
1.5614857131956845
1.33078839959156
1.4339015668572679
1.3430734031493732
1.1875265713221999
1.1333245826010272
0.9613738805357742
0.9235614841433579
0.8028633459422274
0.7970080586697024
1.1162911545891097
1.194322288317814
1.277432008857801
1.200648623933279
1.2123052106018508
1.3396914085688854
1.4508209084583845
1.23374717248541
1.251355511038783
1.3656149890129574
1.348731198194796
1.3788742466470585
1.3971495216158063
1.4005220775467295
1.3836241733185062
1.4145847600232337
1.335766256210539
1.5123131712504674
1.676633818425243
1.495443954928794
1.5099556724716767
1.2908038033702172
1.3313852879721892
1.4538625681010413
1.6229953409209357
1.5709282230722306
1.4772164828720475
1.2504609298555642
1.1966006721012494
1.3691468273521954
1.405699647665069
1.2626207725228988
1.1444433030704566
1.1303708027273147
1.0854186195294584
1.1290061157554283
1.2053480720714598
1.3296727465494642
1.5218092174110243
1.5648191305278345
1.5228543658573328
1.341697168973828
1.3570867642288345
1.3329502492921983
1.327404107252798
1.2189401020441333
1.1867155756817822
1.1436860414366457
1.1711609089689532
1.2339344411316615
1.2154241890089095
1.4041345214760892
1.346655900499958
1.5181194855674205
1.4526505372848373
1.3382905203976374
1.2364935284478284
1.2478667670427215
1.2889058420947155
1.0781129946748491
0.9816581057953058
1.0217300935732079
1.0530320538014433
1.1967709280627015
1.1907497474267636
1.4222623166836863
1.388759148568261
1.55842466626719
1.4617209919968037
1.5162032257017686
1.5399679605176015
1.417773369097746
1.3405640765246236
1.3866560081481145
1.4109593040991555
1.4908491547092726
1.3962693388290053
1.29770449595635
1.2727124307952737
1.3316237415177667
1.344198698246881
1.2987712065564392
1.1122594091846256
1.007942736057875
0.7989798441146062
0.746182471177042
0.8557377945675356
0.8110092246851092
0.836743783239516
0.9745526265572247
0.8941793656072683
0.9285712026507161
0.9697842844545932
0.9679245883941342
0.932511300682166
0.9476751976704672
0.9660687838725177
1.1038786604974655
1.029817844716951
0.965500279875211
0.8882297864394536
0.8885837209979186
0.9818681991281012
1.065258175108803
1.0084340386677373
0.885534960167513
0.8553989149183603
0.8484104524990562
0.8524319675157104
0.7927787773288959
0.683400886672781
0.6456650395191341
0.505968199653161
0.5928401851263592
0.5090222915663165
0.5491612212852232
0.5183385178337621
0.6370815655157208
0.6141111023204873
0.649922363466023
0.5262798576397903
0.5284966590073348
0.7451052311960553
0.8443654845642165
0.8965778541251661
1.0649408188571645
1.190998799247564
1.1961335271160094
1.156775744808079
1.209746787350059
1.0669653849419485
1.143845312718135
1.2772717573637227
1.32625163740555
1.3864531475173536
1.1345213217212315
1.0358280692326391
1.0989446543535049
1.057987256337762
1.112777432921383
1.0344735518516992
0.8937209967429787
1.0372524095068716
1.1344371075524309
1.070392821979157
0.9443358431001913
0.9358063701212908
0.6904192058563756
0.8040417021875473
0.8749736629955412
0.7245630050266543
0.685100990871115
0.5119913319990561
0.4233287836986116
0.5093618030779117
0.3182603477630802
0.32400432373660054
0.20390203695090525
0.2710739703192697
0.19243996222768206
0.2107258425574414
0.18644157746860884
0.389927542426752
0.33099828978031176
0.07384601763631193
0.32537872822547
0.1579881196247781
0.17562931669189566
0.3265348303178667
0.2548857549121072
0.30877268396138896
0.1250459854692031
0.07720336148361845
0.006238173189686266
-0.07541244327236199
-0.20735705319037748
-0.24381002040862307
-0.38602553557209407
-0.16079165901760634
-0.09417075365328496
-0.08312579815389018
-0.11287265207376822
-0.2927876948909287
-0.38122819599193836
-0.26378194336750704
-0.22100989184425476
-0.07945884256938851
-0.11840834355838681
-0.1516869732519594
-0.04248350211612992
-0.16640444705629126
-0.15360598649972904
-0.047597370787636845
-0.06119785542771261
-0.16643787038171876
-0.10408878076345807
-0.12177764711167204
-0.1459567549064647
-0.24866067832633654
-0.27644084214278014
-0.2912860685484584
-0.440013230661049
-0.5850743551148441
-0.6787407756163952
-0.4960759352534052
-0.5182942712415325
-0.6042749408878043
-0.7050375353542313
-0.7387226351194288
-0.5648672040930934
-0.5637655037833575
-0.7118636415720281
-0.6088639994776196
-0.5433148270999051
-0.6696442386147754
-0.7359101335145675
-0.7733712873665822
-0.4492910686164545
-0.39932540330871763
-0.43956156492683607
-0.3368964935509906
-0.20900742458107396
-0.15417164648784282
-0.22789288442492805
-0.16212550098089168
-0.11788746368703014
-0.1945947152219334
-0.08743220198104532
-0.12828514910751299
-0.11902950202835824
-0.17844126508562907
-0.2776244042765226
-0.3916742484604243
-0.309293851789048
-0.34764239788941953
-0.3197891502178013
-0.3953516475303122
-0.37367680837632933
-0.461851543855652
-0.4103290412925703
-0.4650665809048893
-0.3970956625066655
-0.5106811763090556
-0.5123543489052839
-0.3014290479377407
-0.5149894069426493
-0.6829586415515202
-0.6216601326856805
-0.6291901004775667
